DEBUG    | 2023-04-21 17:26:13,895 | Yasat.analyses.rule_checker | None
DEBUG    | 2023-04-21 17:26:29,446 | Yasat.analyses.rule_checker | Function EVP_aes_128_ecb [4195656]
  Syscall: False
  SP difference: 0
  Has return: False
  Returning: True
  Alignment: False
  Arguments: reg: [], stack: []
  Blocks: [0x400548]
  Calling convention: None
DEBUG    | 2023-04-21 17:26:29,448 | Yasat.analyses.rule_checker | Function EVP_aes_128_ecb [4195656]
  Syscall: False
  SP difference: 0
  Has return: False
  Returning: True
  Alignment: False
  Arguments: reg: [], stack: []
  Blocks: [0x400548]
  Calling convention: None
DEBUG    | 2023-04-21 17:26:29,448 | Yasat.analyses.rule_checker | Function EVP_aes_128_ecb [4195656]
  Syscall: False
  SP difference: 0
  Has return: False
  Returning: True
  Alignment: False
  Arguments: reg: [], stack: []
  Blocks: [0x400548]
  Calling convention: None
DEBUG    | 2023-04-21 17:26:29,448 | Yasat.analyses.rule_checker | Function EVP_aes_128_ecb [4195656]
  Syscall: False
  SP difference: 0
  Has return: False
  Returning: True
  Alignment: False
  Arguments: reg: [], stack: []
  Blocks: [0x400548]
  Calling convention: None
DEBUG    | 2023-04-21 17:26:29,449 | Yasat.analyses.rule_checker | Function EVP_aes_128_ecb [4195656]
  Syscall: False
  SP difference: 0
  Has return: False
  Returning: True
  Alignment: False
  Arguments: reg: [], stack: []
  Blocks: [0x400548]
  Calling convention: None
DEBUG    | 2023-04-21 17:26:29,449 | Yasat.analyses.rule_checker | Function EVP_aes_128_ecb [4195656]
  Syscall: False
  SP difference: 0
  Has return: False
  Returning: True
  Alignment: False
  Arguments: reg: [], stack: []
  Blocks: [0x400548]
  Calling convention: None
DEBUG    | 2023-04-21 17:26:29,449 | Yasat.analyses.rule_checker | Function EVP_aes_128_ecb [4195656]
  Syscall: False
  SP difference: 0
  Has return: False
  Returning: True
  Alignment: False
  Arguments: reg: [], stack: []
  Blocks: [0x400548]
  Calling convention: None
DEBUG    | 2023-04-21 17:26:29,449 | Yasat.analyses.rule_checker | Function EVP_aes_128_ecb [4195656]
  Syscall: False
  SP difference: 0
  Has return: False
  Returning: True
  Alignment: False
  Arguments: reg: [], stack: []
  Blocks: [0x400548]
  Calling convention: None
DEBUG    | 2023-04-21 17:26:29,449 | Yasat.analyses.rule_checker | Function EVP_aes_128_ecb [4195656]
  Syscall: False
  SP difference: 0
  Has return: False
  Returning: True
  Alignment: False
  Arguments: reg: [], stack: []
  Blocks: [0x400548]
  Calling convention: None
DEBUG    | 2023-04-21 17:26:29,450 | Yasat.analyses.rule_checker | Function EVP_aes_128_ecb [4195656]
  Syscall: False
  SP difference: 0
  Has return: False
  Returning: True
  Alignment: False
  Arguments: reg: [], stack: []
  Blocks: [0x400548]
  Calling convention: None
DEBUG    | 2023-04-21 17:26:29,450 | Yasat.analyses.rule_checker | Function EVP_aes_128_ecb [4195656]
  Syscall: False
  SP difference: 0
  Has return: False
  Returning: True
  Alignment: False
  Arguments: reg: [], stack: []
  Blocks: [0x400548]
  Calling convention: None
DEBUG    | 2023-04-21 17:26:29,450 | Yasat.analyses.rule_checker | Function EVP_aes_128_ecb [4195656]
  Syscall: False
  SP difference: 0
  Has return: False
  Returning: True
  Alignment: False
  Arguments: reg: [], stack: []
  Blocks: [0x400548]
  Calling convention: None
DEBUG    | 2023-04-21 17:26:29,451 | Yasat.analyses.rule_checker | Function EVP_aes_128_ecb [4195656]
  Syscall: False
  SP difference: 0
  Has return: False
  Returning: True
  Alignment: False
  Arguments: reg: [], stack: []
  Blocks: [0x400548]
  Calling convention: None
DEBUG    | 2023-04-21 17:26:29,456 | Yasat.analyses.rule_checker | Function EVP_aes_128_ecb [4195656]
  Syscall: False
  SP difference: 0
  Has return: False
  Returning: True
  Alignment: False
  Arguments: reg: [], stack: []
  Blocks: [0x400548]
  Calling convention: None
DEBUG    | 2023-04-21 17:26:29,457 | Yasat.analyses.rule_checker | Function EVP_aes_128_ecb [4195656]
  Syscall: False
  SP difference: 0
  Has return: False
  Returning: True
  Alignment: False
  Arguments: reg: [], stack: []
  Blocks: [0x400548]
  Calling convention: None
DEBUG    | 2023-04-21 17:26:29,458 | Yasat.analyses.rule_checker | Function EVP_aes_128_ecb [4195656]
  Syscall: False
  SP difference: 0
  Has return: False
  Returning: True
  Alignment: False
  Arguments: reg: [], stack: []
  Blocks: [0x400548]
  Calling convention: None
DEBUG    | 2023-04-21 17:26:29,463 | Yasat.analyses.rule_checker | Function EVP_aes_128_ecb [4195656]
  Syscall: False
  SP difference: 0
  Has return: False
  Returning: True
  Alignment: False
  Arguments: reg: [], stack: []
  Blocks: [0x400548]
  Calling convention: None
DEBUG    | 2023-04-21 17:26:29,466 | Yasat.analyses.rule_checker | Function EVP_aes_128_ecb [4195656]
  Syscall: False
  SP difference: 0
  Has return: False
  Returning: True
  Alignment: False
  Arguments: reg: [], stack: []
  Blocks: [0x400548]
  Calling convention: None
DEBUG    | 2023-04-21 17:26:29,473 | Yasat.analyses.rule_checker | Function EVP_aes_128_ecb [4195656]
  Syscall: False
  SP difference: 0
  Has return: False
  Returning: True
  Alignment: False
  Arguments: reg: [], stack: []
  Blocks: [0x400548]
  Calling convention: None
DEBUG    | 2023-04-21 17:26:29,476 | Yasat.analyses.rule_checker | Function EVP_aes_128_ecb [4195656]
  Syscall: False
  SP difference: 0
  Has return: False
  Returning: True
  Alignment: False
  Arguments: reg: [], stack: []
  Blocks: [0x400548]
  Calling convention: None
DEBUG    | 2023-04-21 17:26:29,477 | Yasat.analyses.rule_checker | Function EVP_aes_128_ecb [4195656]
  Syscall: False
  SP difference: 0
  Has return: False
  Returning: True
  Alignment: False
  Arguments: reg: [], stack: []
  Blocks: [0x400548]
  Calling convention: None
DEBUG    | 2023-04-21 17:26:29,479 | Yasat.analyses.rule_checker | Function EVP_aes_128_ecb [4195656]
  Syscall: False
  SP difference: 0
  Has return: False
  Returning: True
  Alignment: False
  Arguments: reg: [], stack: []
  Blocks: [0x400548]
  Calling convention: None
DEBUG    | 2023-04-21 17:26:29,480 | Yasat.analyses.rule_checker | Function EVP_aes_128_ecb [4195656]
  Syscall: False
  SP difference: 0
  Has return: False
  Returning: True
  Alignment: False
  Arguments: reg: [], stack: []
  Blocks: [0x400548]
  Calling convention: None
DEBUG    | 2023-04-21 17:26:29,481 | Yasat.analyses.rule_checker | Function EVP_aes_128_ecb [4195656]
  Syscall: False
  SP difference: 0
  Has return: False
  Returning: True
  Alignment: False
  Arguments: reg: [], stack: []
  Blocks: [0x400548]
  Calling convention: None
DEBUG    | 2023-04-21 17:26:29,482 | Yasat.analyses.rule_checker | Function EVP_aes_128_ecb [4195656]
  Syscall: False
  SP difference: 0
  Has return: False
  Returning: True
  Alignment: False
  Arguments: reg: [], stack: []
  Blocks: [0x400548]
  Calling convention: None
DEBUG    | 2023-04-21 17:27:07,627 | Yasat.analyses.rule_checker | None
DEBUG    | 2023-04-21 17:27:10,308 | Yasat.analyses.rule_checker | None
DEBUG    | 2023-04-21 17:27:12,981 | Yasat.analyses.rule_checker | None
DEBUG    | 2023-04-21 17:27:15,105 | Yasat.analyses.rule_checker | None
