INFO     | 2023-04-22 22:31:32,964 | Yasat.misc.concurrency | There are 0 tasks running now (1 pending)
INFO     | 2023-04-22 22:31:32,964 | Yasat.misc.concurrency | |  pid   |                  name                  |  running time |  memory  |
INFO     | 2023-04-22 22:31:32,972 | Yasat.main_cli | Lol! Found cache file examples/tmp/rc.cache!!!
INFO     | 2023-04-22 22:31:32,976 | Yasat.main_cli | [1/1 (1 success, 0 failure, 0 timeout)] Extracted 1 ELF files from examples/input/rc
INFO     | 2023-04-22 22:31:33,968 | Yasat.main_cli | Successfully extracted 1 ELF files!
INFO     | 2023-04-22 22:31:33,968 | Yasat.main_cli | [1/1 0 discarded] Filtering subjects
INFO     | 2023-04-22 22:31:33,968 | Yasat.main_cli | Got 1 unique ELF files!
INFO     | 2023-04-22 22:31:34,007 | Yasat.misc.concurrency | There are 0 tasks running now (1 pending)
INFO     | 2023-04-22 22:31:34,007 | Yasat.misc.concurrency | |  pid   |                  name                  |  running time |  memory  |
INFO     | 2023-04-22 22:31:35,010 | Yasat.misc.concurrency | There are 1 tasks running now (0 pending)
INFO     | 2023-04-22 22:31:35,010 | Yasat.misc.concurrency | |  pid   |                  name                  |  running time |  memory  |
INFO     | 2023-04-22 22:31:35,014 | Yasat.misc.concurrency | |  5435  |                   rc                   |   1 seconds   |  181 MB  |
INFO     | 2023-04-22 22:31:36,017 | Yasat.misc.concurrency | There are 1 tasks running now (0 pending)
INFO     | 2023-04-22 22:31:36,017 | Yasat.misc.concurrency | |  pid   |                  name                  |  running time |  memory  |
INFO     | 2023-04-22 22:31:36,022 | Yasat.misc.concurrency | |  5435  |                   rc                   |   2 seconds   |  202 MB  |
INFO     | 2023-04-22 22:31:37,025 | Yasat.misc.concurrency | There are 1 tasks running now (0 pending)
INFO     | 2023-04-22 22:31:37,025 | Yasat.misc.concurrency | |  pid   |                  name                  |  running time |  memory  |
INFO     | 2023-04-22 22:31:37,029 | Yasat.misc.concurrency | |  5435  |                   rc                   |   3 seconds   |  230 MB  |
INFO     | 2023-04-22 22:31:38,032 | Yasat.misc.concurrency | There are 1 tasks running now (0 pending)
INFO     | 2023-04-22 22:31:38,032 | Yasat.misc.concurrency | |  pid   |                  name                  |  running time |  memory  |
INFO     | 2023-04-22 22:31:38,037 | Yasat.misc.concurrency | |  5435  |                   rc                   |   4 seconds   |  239 MB  |
INFO     | 2023-04-22 22:31:39,041 | Yasat.misc.concurrency | There are 1 tasks running now (0 pending)
INFO     | 2023-04-22 22:31:39,041 | Yasat.misc.concurrency | |  pid   |                  name                  |  running time |  memory  |
INFO     | 2023-04-22 22:31:39,046 | Yasat.misc.concurrency | |  5435  |                   rc                   |   5 seconds   |  246 MB  |
INFO     | 2023-04-22 22:31:40,048 | Yasat.misc.concurrency | There are 1 tasks running now (0 pending)
INFO     | 2023-04-22 22:31:40,048 | Yasat.misc.concurrency | |  pid   |                  name                  |  running time |  memory  |
INFO     | 2023-04-22 22:31:40,052 | Yasat.misc.concurrency | |  5435  |                   rc                   |   6 seconds   |  247 MB  |
INFO     | 2023-04-22 22:31:41,057 | Yasat.misc.concurrency | There are 1 tasks running now (0 pending)
INFO     | 2023-04-22 22:31:41,057 | Yasat.misc.concurrency | |  pid   |                  name                  |  running time |  memory  |
INFO     | 2023-04-22 22:31:41,061 | Yasat.misc.concurrency | |  5435  |                   rc                   |   7 seconds   |  261 MB  |
INFO     | 2023-04-22 22:31:42,064 | Yasat.misc.concurrency | There are 1 tasks running now (0 pending)
INFO     | 2023-04-22 22:31:42,064 | Yasat.misc.concurrency | |  pid   |                  name                  |  running time |  memory  |
INFO     | 2023-04-22 22:31:42,069 | Yasat.misc.concurrency | |  5435  |                   rc                   |   8 seconds   |  274 MB  |
INFO     | 2023-04-22 22:31:43,072 | Yasat.misc.concurrency | There are 1 tasks running now (0 pending)
INFO     | 2023-04-22 22:31:43,073 | Yasat.misc.concurrency | |  pid   |                  name                  |  running time |  memory  |
INFO     | 2023-04-22 22:31:43,078 | Yasat.misc.concurrency | |  5435  |                   rc                   |   9 seconds   |  274 MB  |
INFO     | 2023-04-22 22:31:44,081 | Yasat.misc.concurrency | There are 1 tasks running now (0 pending)
INFO     | 2023-04-22 22:31:44,081 | Yasat.misc.concurrency | |  pid   |                  name                  |  running time |  memory  |
INFO     | 2023-04-22 22:31:44,085 | Yasat.misc.concurrency | |  5435  |                   rc                   |   10 seconds  |  274 MB  |
INFO     | 2023-04-22 22:31:45,087 | Yasat.misc.concurrency | There are 1 tasks running now (0 pending)
INFO     | 2023-04-22 22:31:45,088 | Yasat.misc.concurrency | |  pid   |                  name                  |  running time |  memory  |
INFO     | 2023-04-22 22:31:45,092 | Yasat.misc.concurrency | |  5435  |                   rc                   |   11 seconds  |  274 MB  |
INFO     | 2023-04-22 22:31:46,095 | Yasat.misc.concurrency | There are 1 tasks running now (0 pending)
INFO     | 2023-04-22 22:31:46,096 | Yasat.misc.concurrency | |  pid   |                  name                  |  running time |  memory  |
INFO     | 2023-04-22 22:31:46,100 | Yasat.misc.concurrency | |  5435  |                   rc                   |   12 seconds  |  274 MB  |
INFO     | 2023-04-22 22:31:47,102 | Yasat.misc.concurrency | There are 1 tasks running now (0 pending)
INFO     | 2023-04-22 22:31:47,103 | Yasat.misc.concurrency | |  pid   |                  name                  |  running time |  memory  |
INFO     | 2023-04-22 22:31:47,107 | Yasat.misc.concurrency | |  5435  |                   rc                   |   13 seconds  |  274 MB  |
INFO     | 2023-04-22 22:31:48,111 | Yasat.misc.concurrency | There are 1 tasks running now (0 pending)
INFO     | 2023-04-22 22:31:48,111 | Yasat.misc.concurrency | |  pid   |                  name                  |  running time |  memory  |
INFO     | 2023-04-22 22:31:48,116 | Yasat.misc.concurrency | |  5435  |                   rc                   |   14 seconds  |  274 MB  |
INFO     | 2023-04-22 22:31:49,119 | Yasat.misc.concurrency | There are 1 tasks running now (0 pending)
INFO     | 2023-04-22 22:31:49,119 | Yasat.misc.concurrency | |  pid   |                  name                  |  running time |  memory  |
INFO     | 2023-04-22 22:31:49,123 | Yasat.misc.concurrency | |  5435  |                   rc                   |   15 seconds  |  274 MB  |
INFO     | 2023-04-22 22:31:50,126 | Yasat.misc.concurrency | There are 1 tasks running now (0 pending)
INFO     | 2023-04-22 22:31:50,127 | Yasat.misc.concurrency | |  pid   |                  name                  |  running time |  memory  |
INFO     | 2023-04-22 22:31:50,131 | Yasat.misc.concurrency | |  5435  |                   rc                   |   16 seconds  |  274 MB  |
INFO     | 2023-04-22 22:31:51,134 | Yasat.misc.concurrency | There are 1 tasks running now (0 pending)
INFO     | 2023-04-22 22:31:51,134 | Yasat.misc.concurrency | |  pid   |                  name                  |  running time |  memory  |
INFO     | 2023-04-22 22:31:51,138 | Yasat.misc.concurrency | |  5435  |                   rc                   |   17 seconds  |  274 MB  |
INFO     | 2023-04-22 22:31:52,142 | Yasat.misc.concurrency | There are 1 tasks running now (0 pending)
INFO     | 2023-04-22 22:31:52,142 | Yasat.misc.concurrency | |  pid   |                  name                  |  running time |  memory  |
INFO     | 2023-04-22 22:31:52,147 | Yasat.misc.concurrency | |  5435  |                   rc                   |   18 seconds  |  274 MB  |
INFO     | 2023-04-22 22:31:53,151 | Yasat.misc.concurrency | There are 1 tasks running now (0 pending)
INFO     | 2023-04-22 22:31:53,151 | Yasat.misc.concurrency | |  pid   |                  name                  |  running time |  memory  |
INFO     | 2023-04-22 22:31:53,156 | Yasat.misc.concurrency | |  5435  |                   rc                   |   19 seconds  |  274 MB  |
INFO     | 2023-04-22 22:31:53,509 | Yasat.main_cli | [1/ 1 (1 success, 0 failure, 0 timeout)] Discovered 4 misuses in examples/tmp/rc
##################################################
#                    Summary                     #
##################################################
Time: 0 seconds
Misuses number: 4
- ConstantKeysChecker: 2
- ConstantSaltsChecker: 2
- PBEIterationsChecker: 0
- RSAKeySizesChecker: 0
- UnsafeEVPAlogirthmsChecker: 0
- UnsafeAlgorithmsChecker: 0

INFO     | 2023-04-22 22:31:54,163 | Yasat.main_cli | All done!!!
INFO     | 2023-04-22 22:31:54,164 | Yasat.main_cli | 
##################################################
#                    Summary                     #
##################################################
Time: 20 seconds
Extraction success rate: 100% (1 success, 0 failure, 0)
Analysis success rate: 100% (1 success, 0 failure, 0 timeout)
Misuses number: 4
- ConstantKeysChecker: 2
- ConstantSaltsChecker: 2
- PBEIterationsChecker: 0
- RSAKeySizesChecker: 0
- UnsafeEVPAlogirthmsChecker: 0
- UnsafeAlgorithmsChecker: 0

