WARNING  | 2023-06-04 16:01:47,384 | Yasat.analyses.backward_slicing.engine_ail | Unusual expression Mull: (0x55e63b89<32> Mull Load(addr=stack_base-36, size=4, endness=Iend_LE))
WARNING  | 2023-06-04 16:01:47,386 | Yasat.analyses.backward_slicing.engine_ail | Unusual expression Mull: (0x55e63b89<32> Mull Load(addr=stack_base-36, size=4, endness=Iend_LE))
WARNING  | 2023-06-04 16:01:49,559 | Yasat.analyses.backward_slicing.slicing_state | Failed to extract concrete string at 0x0
WARNING  | 2023-06-04 16:01:50,108 | Yasat.analyses.backward_slicing.slicing_state | Failed to extract concrete string at 0x0
WARNING  | 2023-06-04 16:01:50,134 | Yasat.analyses.backward_slicing.slicing_state | Failed to extract concrete string at 0x0
WARNING  | 2023-06-04 16:02:03,850 | Yasat.analyses.backward_slicing.slicing_state | Failed to extract concrete string at 0x0
WARNING  | 2023-06-04 16:02:06,066 | Yasat.analyses.backward_slicing.slicing_state | Failed to extract concrete string at 0x0
WARNING  | 2023-06-04 16:02:19,956 | Yasat.analyses.backward_slicing.slicing_state | Failed to extract concrete string at 0x0
WARNING  | 2023-06-04 16:02:20,014 | Yasat.analyses.backward_slicing.slicing_state | Failed to extract concrete string at 0x0
WARNING  | 2023-06-04 16:02:20,304 | Yasat.analyses.backward_slicing.slicing_state | Failed to extract concrete string at 0x0
WARNING  | 2023-06-04 16:02:21,986 | Yasat.analyses.backward_slicing.slicing_state | Failed to extract concrete string at 0x0
WARNING  | 2023-06-04 16:02:22,037 | Yasat.analyses.backward_slicing.slicing_state | Failed to extract concrete string at 0x0
WARNING  | 2023-06-04 16:02:22,304 | Yasat.analyses.backward_slicing.slicing_state | Failed to extract concrete string at 0x0
WARNING  | 2023-06-04 16:02:24,900 | Yasat.analyses.backward_slicing.engine_ail | Cannot find function at 0x20900
WARNING  | 2023-06-04 16:02:25,693 | Yasat.analyses.backward_slicing.engine_ail | Cannot find function at 0x21290
WARNING  | 2023-06-04 16:02:27,274 | Yasat.analyses.backward_slicing.engine_ail | Cannot find function at 0x20900
WARNING  | 2023-06-04 16:02:27,683 | Yasat.analyses.backward_slicing.engine_ail | Cannot find function at 0x20900
WARNING  | 2023-06-04 16:02:27,816 | Yasat.analyses.backward_slicing.engine_ail | Cannot find function at 0x21290
WARNING  | 2023-06-04 16:02:27,991 | Yasat.analyses.backward_slicing.engine_ail | Cannot find function at 0x20900
WARNING  | 2023-06-04 16:02:31,446 | Yasat.analyses.backward_slicing.engine_ail | Unusual expression Mull: (0x55e63b89<32> Mull Load(addr=stack_base-36, size=4, endness=Iend_LE))
WARNING  | 2023-06-04 16:02:31,447 | Yasat.analyses.backward_slicing.engine_ail | Unusual expression Mull: (0x55e63b89<32> Mull Load(addr=stack_base-36, size=4, endness=Iend_LE))
WARNING  | 2023-06-04 16:02:31,447 | Yasat.analyses.backward_slicing.engine_ail | Unusual expression Mull: (0x55e63b89<32> Mull Load(addr=stack_base-36, size=4, endness=Iend_LE))
WARNING  | 2023-06-04 16:02:31,448 | Yasat.analyses.backward_slicing.engine_ail | Unusual expression Mull: (0x55e63b89<32> Mull Load(addr=stack_base-36, size=4, endness=Iend_LE))
WARNING  | 2023-06-04 16:02:31,467 | Yasat.analyses.backward_slicing.engine_ail | Unusual expression Mull: (0x55e63b89<32> Mull Load(addr=stack_base-36, size=4, endness=Iend_LE))
WARNING  | 2023-06-04 16:02:31,468 | Yasat.analyses.backward_slicing.engine_ail | Unusual expression Mull: (0x55e63b89<32> Mull Load(addr=stack_base-36, size=4, endness=Iend_LE))
WARNING  | 2023-06-04 16:02:31,469 | Yasat.analyses.backward_slicing.engine_ail | Unusual expression Mull: (0x55e63b89<32> Mull Load(addr=stack_base-36, size=4, endness=Iend_LE))
WARNING  | 2023-06-04 16:02:31,470 | Yasat.analyses.backward_slicing.engine_ail | Unusual expression Mull: (0x55e63b89<32> Mull Load(addr=stack_base-36, size=4, endness=Iend_LE))
WARNING  | 2023-06-04 16:02:32,489 | Yasat.analyses.backward_slicing.engine_ail | Unusual expression Mull: (0x55e63b89<32> Mull Load(addr=stack_base-36, size=4, endness=Iend_LE))
WARNING  | 2023-06-04 16:02:32,490 | Yasat.analyses.backward_slicing.engine_ail | Unusual expression Mull: (0x55e63b89<32> Mull Load(addr=stack_base-36, size=4, endness=Iend_LE))
WARNING  | 2023-06-04 16:02:32,512 | Yasat.analyses.backward_slicing.engine_ail | Unusual expression Mull: (0x55e63b89<32> Mull Load(addr=stack_base-36, size=4, endness=Iend_LE))
WARNING  | 2023-06-04 16:02:32,513 | Yasat.analyses.backward_slicing.engine_ail | Unusual expression Mull: (0x55e63b89<32> Mull Load(addr=stack_base-36, size=4, endness=Iend_LE))
WARNING  | 2023-06-04 16:02:32,534 | Yasat.analyses.backward_slicing.engine_ail | Unusual expression Mull: (0x55e63b89<32> Mull Load(addr=stack_base-36, size=4, endness=Iend_LE))
WARNING  | 2023-06-04 16:02:32,535 | Yasat.analyses.backward_slicing.engine_ail | Unusual expression Mull: (0x55e63b89<32> Mull Load(addr=stack_base-36, size=4, endness=Iend_LE))
WARNING  | 2023-06-04 16:02:32,606 | Yasat.analyses.backward_slicing.engine_ail | Unusual expression Mull: (0x55e63b89<32> Mull Load(addr=stack_base-36, size=4, endness=Iend_LE))
WARNING  | 2023-06-04 16:02:32,607 | Yasat.analyses.backward_slicing.engine_ail | Unusual expression Mull: (0x55e63b89<32> Mull Load(addr=stack_base-36, size=4, endness=Iend_LE))
WARNING  | 2023-06-04 16:02:33,844 | Yasat.analyses.backward_slicing.engine_ail | Unusual expression Mull: (0x55e63b89<32> Mull Load(addr=stack_base-36, size=4, endness=Iend_LE))
WARNING  | 2023-06-04 16:02:33,847 | Yasat.analyses.backward_slicing.engine_ail | Unusual expression Mull: (0x55e63b89<32> Mull Load(addr=stack_base-36, size=4, endness=Iend_LE))
WARNING  | 2023-06-04 16:02:33,979 | Yasat.analyses.backward_slicing.engine_ail | Unusual expression Mull: (0x55e63b89<32> Mull Load(addr=stack_base-36, size=4, endness=Iend_LE))
WARNING  | 2023-06-04 16:02:33,980 | Yasat.analyses.backward_slicing.engine_ail | Unusual expression Mull: (0x55e63b89<32> Mull Load(addr=stack_base-36, size=4, endness=Iend_LE))
WARNING  | 2023-06-04 16:02:33,981 | Yasat.analyses.backward_slicing.engine_ail | Unusual expression Mull: (0x55e63b89<32> Mull Load(addr=stack_base-36, size=4, endness=Iend_LE))
WARNING  | 2023-06-04 16:02:33,982 | Yasat.analyses.backward_slicing.engine_ail | Unusual expression Mull: (0x55e63b89<32> Mull Load(addr=stack_base-36, size=4, endness=Iend_LE))
WARNING  | 2023-06-04 16:02:34,000 | Yasat.analyses.backward_slicing.engine_ail | Unusual expression Mull: (0x55e63b89<32> Mull Load(addr=stack_base-36, size=4, endness=Iend_LE))
WARNING  | 2023-06-04 16:02:34,002 | Yasat.analyses.backward_slicing.engine_ail | Unusual expression Mull: (0x55e63b89<32> Mull Load(addr=stack_base-36, size=4, endness=Iend_LE))
WARNING  | 2023-06-04 16:02:34,002 | Yasat.analyses.backward_slicing.engine_ail | Unusual expression Mull: (0x55e63b89<32> Mull Load(addr=stack_base-36, size=4, endness=Iend_LE))
WARNING  | 2023-06-04 16:02:34,003 | Yasat.analyses.backward_slicing.engine_ail | Unusual expression Mull: (0x55e63b89<32> Mull Load(addr=stack_base-36, size=4, endness=Iend_LE))
WARNING  | 2023-06-04 16:02:34,363 | Yasat.analyses.backward_slicing.engine_ail | Unusual expression Mull: (0x55e63b89<32> Mull Load(addr=stack_base-36, size=4, endness=Iend_LE))
WARNING  | 2023-06-04 16:02:34,364 | Yasat.analyses.backward_slicing.engine_ail | Unusual expression Mull: (0x55e63b89<32> Mull Load(addr=stack_base-36, size=4, endness=Iend_LE))
WARNING  | 2023-06-04 16:02:34,386 | Yasat.analyses.backward_slicing.engine_ail | Unusual expression Mull: (0x55e63b89<32> Mull Load(addr=stack_base-36, size=4, endness=Iend_LE))
WARNING  | 2023-06-04 16:02:34,387 | Yasat.analyses.backward_slicing.engine_ail | Unusual expression Mull: (0x55e63b89<32> Mull Load(addr=stack_base-36, size=4, endness=Iend_LE))
WARNING  | 2023-06-04 16:02:34,410 | Yasat.analyses.backward_slicing.engine_ail | Unusual expression Mull: (0x55e63b89<32> Mull Load(addr=stack_base-36, size=4, endness=Iend_LE))
WARNING  | 2023-06-04 16:02:34,411 | Yasat.analyses.backward_slicing.engine_ail | Unusual expression Mull: (0x55e63b89<32> Mull Load(addr=stack_base-36, size=4, endness=Iend_LE))
WARNING  | 2023-06-04 16:02:34,432 | Yasat.analyses.backward_slicing.engine_ail | Unusual expression Mull: (0x55e63b89<32> Mull Load(addr=stack_base-36, size=4, endness=Iend_LE))
WARNING  | 2023-06-04 16:02:34,433 | Yasat.analyses.backward_slicing.engine_ail | Unusual expression Mull: (0x55e63b89<32> Mull Load(addr=stack_base-36, size=4, endness=Iend_LE))
WARNING  | 2023-06-04 16:02:34,472 | Yasat.analyses.backward_slicing.slicing_state | Failed to extract concrete string at 0x0
WARNING  | 2023-06-04 16:02:38,994 | Yasat.analyses.backward_slicing.engine_ail | Unusual expression Mull: (0xc22e4507<32> Mulls r0<4>)
WARNING  | 2023-06-04 16:02:59,123 | Yasat.analyses.backward_slicing.engine_ail | Unusual expression Mull: (0xc22e4507<32> Mulls r0<4>)
WARNING  | 2023-06-04 16:02:59,126 | Yasat.analyses.backward_slicing.engine_ail | Unusual expression Mull: (0xc22e4507<32> Mulls r0<4>)
WARNING  | 2023-06-04 16:02:59,332 | Yasat.analyses.backward_slicing.engine_ail | Unusual expression Mull: (0xc22e4507<32> Mulls r0<4>)
WARNING  | 2023-06-04 16:03:00,083 | Yasat.analyses.backward_slicing.engine_ail | Unusual expression Mull: (0xc22e4507<32> Mulls r0<4>)
WARNING  | 2023-06-04 16:03:00,085 | Yasat.analyses.backward_slicing.engine_ail | Unusual expression Mull: (0xc22e4507<32> Mulls r0<4>)
WARNING  | 2023-06-04 16:03:12,788 | Yasat.analyses.backward_slicing.engine_ail.SimEngineBackwardSlicing | Unsupported UnaryOp Clz.
WARNING  | 2023-06-04 16:03:12,803 | Yasat.analyses.backward_slicing.slicing_state | Failed to extract concrete string at 0x0
WARNING  | 2023-06-04 16:03:19,068 | Yasat.analyses.backward_slicing.slicing_state | Failed to extract concrete string at 0x0
WARNING  | 2023-06-04 16:03:22,547 | Yasat.analyses.backward_slicing.slicing_state | Failed to extract concrete string at 0x0
WARNING  | 2023-06-04 16:03:24,028 | Yasat.analyses.backward_slicing.engine_ail.SimEngineBackwardSlicing | Unsupported UnaryOp Clz.
WARNING  | 2023-06-04 16:03:24,037 | Yasat.analyses.backward_slicing.slicing_state | Failed to extract concrete string at 0x0
WARNING  | 2023-06-04 16:03:24,043 | Yasat.analyses.backward_slicing.slicing_state | Failed to extract concrete string at 0x0
WARNING  | 2023-06-04 16:03:24,083 | Yasat.analyses.backward_slicing.slicing_state | Failed to extract concrete string at 0x0
WARNING  | 2023-06-04 16:03:24,125 | Yasat.analyses.backward_slicing.slicing_state | Failed to extract concrete string at 0x0
WARNING  | 2023-06-04 16:03:24,196 | Yasat.analyses.backward_slicing.slicing_state | Failed to extract concrete string at 0x0
WARNING  | 2023-06-04 16:03:24,202 | Yasat.analyses.backward_slicing.slicing_state | Failed to extract concrete string at 0x0
WARNING  | 2023-06-04 16:03:24,213 | Yasat.analyses.backward_slicing.engine_ail.SimEngineBackwardSlicing | Unsupported UnaryOp Clz.
