Unusual expression Divmod: (Conv(32->s64, v0<4>) DivMods t2<4>)
Unusual expression Divmod: (Conv(32->s64, v0<4>) DivMods t2<4>)
Unusual expression Divmod: (Conv(32->s64, v0<4>) DivMods t2<4>)
Unusual expression Concat: (Conv(64->32, ((Conv(64->32, ((Conv(32->s64, v0<4>) DivMods t2<4>) >> 0x20<8>)) CONCAT ac0<4>) >> 0x20<8>)) CONCAT Conv(64->32, (Conv(32->s64, v0<4>) DivMods t2<4>)))
Unusual expression Divmod: (Conv(32->s64, v0<4>) DivMods t2<4>)
Unusual expression Divmod: (Conv(32->s64, v0<4>) DivMods t2<4>)
Unusual expression Divmod: (Conv(32->s64, ((a1<4> - ((((((Conv(64->32, ((a1<4> Mulls 0x80078071<32>) >> 0x20<8>)) + a1<4>) >>a 0xf<8>) - (a1<4> >>a 0x1f<8>)) << 0x10<8>) - ((((Conv(64->32, ((a1<4> Mulls 0x80078071<32>) >> 0x20<8>)) + a1<4>) >>a 0xf<8>) - (a1<4> >>a 0x1f<8>)) << 0x4<8>)) + (((Conv(64->32, ((a1<4> Mulls 0x80078071<32>) >> 0x20<8>)) + a1<4>) >>a 0xf<8>) - (a1<4> >>a 0x1f<8>)))) & 0xff<32>)) DivMods (t2<4> + 0x1<32>))
Unusual expression Mull: (a1<4> Mulls 0x80078071<32>)
Unusual expression Mull: (a1<4> Mulls 0x80078071<32>)
Unusual expression Mull: (a1<4> Mulls 0x80078071<32>)
Unusual expression Divmod: (Conv(32->s64, ((a1<4> - ((((((Conv(64->32, ((a1<4> Mulls 0x80078071<32>) >> 0x20<8>)) + a1<4>) >>a 0xf<8>) - (a1<4> >>a 0x1f<8>)) << 0x10<8>) - ((((Conv(64->32, ((a1<4> Mulls 0x80078071<32>) >> 0x20<8>)) + a1<4>) >>a 0xf<8>) - (a1<4> >>a 0x1f<8>)) << 0x4<8>)) + (((Conv(64->32, ((a1<4> Mulls 0x80078071<32>) >> 0x20<8>)) + a1<4>) >>a 0xf<8>) - (a1<4> >>a 0x1f<8>)))) & 0xff<32>)) DivMods (t2<4> + 0x1<32>))
Unusual expression Mull: (a1<4> Mulls 0x80078071<32>)
Unusual expression Mull: (a1<4> Mulls 0x80078071<32>)
Unusual expression Mull: (a1<4> Mulls 0x80078071<32>)
Unusual expression Concat: (Conv(64->32, ((Conv(64->32, ((Conv(32->s64, ((a1<4> - ((((((Conv(64->32, ((a1<4> Mulls 0x80078071<32>) >> 0x20<8>)) + a1<4>) >>a 0xf<8>) - (a1<4> >>a 0x1f<8>)) << 0x10<8>) - ((((Conv(64->32, ((a1<4> Mulls 0x80078071<32>) >> 0x20<8>)) + a1<4>) >>a 0xf<8>) - (a1<4> >>a 0x1f<8>)) << 0x4<8>)) + (((Conv(64->32, ((a1<4> Mulls 0x80078071<32>) >> 0x20<8>)) + a1<4>) >>a 0xf<8>) - (a1<4> >>a 0x1f<8>)))) & 0xff<32>)) DivMods (t2<4> + 0x1<32>)) >> 0x20<8>)) CONCAT Conv(64->32, (Conv(64->32, ((Conv(64->32, ((a1<4> Mulls 0x80078071<32>) >> 0x20<8>)) CONCAT Conv(64->32, (Conv(64->32, ((Conv(64->32, (((0xff<32> - t2<4>) Mulls 0x4ec4ec4f<32>) >> 0x20<8>)) CONCAT ac0<4>) >> 0x20<8>)) CONCAT Conv(64->32, ((0xff<32> - t2<4>) Mulls 0x4ec4ec4f<32>))))) >> 0x20<8>)) CONCAT Conv(64->32, (a1<4> Mulls 0x80078071<32>))))) >> 0x20<8>)) CONCAT Conv(64->32, (Conv(32->s64, ((a1<4> - ((((((Conv(64->32, ((a1<4> Mulls 0x80078071<32>) >> 0x20<8>)) + a1<4>) >>a 0xf<8>) - (a1<4> >>a 0x1f<8>)) << 0x10<8>) - ((((Conv(64->32, ((a1<4> Mulls 0x80078071<32>) >> 0x20<8>)) + a1<4>) >>a 0xf<8>) - (a1<4> >>a 0x1f<8>)) << 0x4<8>)) + (((Conv(64->32, ((a1<4> Mulls 0x80078071<32>) >> 0x20<8>)) + a1<4>) >>a 0xf<8>) - (a1<4> >>a 0x1f<8>)))) & 0xff<32>)) DivMods (t2<4> + 0x1<32>))))
Unusual expression Divmod: (Conv(32->s64, ((a1<4> - ((((((Conv(64->32, ((a1<4> Mulls 0x80078071<32>) >> 0x20<8>)) + a1<4>) >>a 0xf<8>) - (a1<4> >>a 0x1f<8>)) << 0x10<8>) - ((((Conv(64->32, ((a1<4> Mulls 0x80078071<32>) >> 0x20<8>)) + a1<4>) >>a 0xf<8>) - (a1<4> >>a 0x1f<8>)) << 0x4<8>)) + (((Conv(64->32, ((a1<4> Mulls 0x80078071<32>) >> 0x20<8>)) + a1<4>) >>a 0xf<8>) - (a1<4> >>a 0x1f<8>)))) & 0xff<32>)) DivMods (t2<4> + 0x1<32>))
Unusual expression Mull: (a1<4> Mulls 0x80078071<32>)
Unusual expression Mull: (a1<4> Mulls 0x80078071<32>)
Unusual expression Mull: (a1<4> Mulls 0x80078071<32>)
Unusual expression Divmod: (Conv(32->s64, ((a1<4> - ((((((Conv(64->32, ((a1<4> Mulls 0x80078071<32>) >> 0x20<8>)) + a1<4>) >>a 0xf<8>) - (a1<4> >>a 0x1f<8>)) << 0x10<8>) - ((((Conv(64->32, ((a1<4> Mulls 0x80078071<32>) >> 0x20<8>)) + a1<4>) >>a 0xf<8>) - (a1<4> >>a 0x1f<8>)) << 0x4<8>)) + (((Conv(64->32, ((a1<4> Mulls 0x80078071<32>) >> 0x20<8>)) + a1<4>) >>a 0xf<8>) - (a1<4> >>a 0x1f<8>)))) & 0xff<32>)) DivMods (t2<4> + 0x1<32>))
Unusual expression Mull: (a1<4> Mulls 0x80078071<32>)
Unusual expression Mull: (a1<4> Mulls 0x80078071<32>)
Unusual expression Mull: (a1<4> Mulls 0x80078071<32>)
Unusual expression Mull: (a1<4> Mulls 0x80078071<32>)
Unusual expression Mull: (a1<4> Mulls 0x80078071<32>)
Unusual expression Mull: (a1<4> Mulls 0x80078071<32>)
Unusual expression Mull: ((0xff<32> - t2<4>) Mulls 0x4ec4ec4f<32>)
Unusual expression Mull: ((0xff<32> - t2<4>) Mulls 0x4ec4ec4f<32>)
Unusual expression Mull: ((0xff<32> - t2<4>) Mulls 0x4ec4ec4f<32>)
Unusual expression Divmod: (Conv(32->s64, v0<4>) DivMods t2<4>)
Unusual expression Divmod: (Conv(32->s64, v0<4>) DivMods t2<4>)
Unusual expression Divmod: (Conv(32->s64, v0<4>) DivMods t2<4>)
Unusual expression Concat: (Conv(64->32, ((Conv(64->32, ((Conv(32->s64, v0<4>) DivMods t2<4>) >> 0x20<8>)) CONCAT ac0<4>) >> 0x20<8>)) CONCAT Conv(64->32, (Conv(32->s64, v0<4>) DivMods t2<4>)))
Unusual expression Divmod: (Conv(32->s64, v0<4>) DivMods t2<4>)
Unusual expression Divmod: (Conv(32->s64, v0<4>) DivMods t2<4>)
Unusual expression Divmod: (Conv(32->s64, ((a1<4> - ((((((Conv(64->32, ((a1<4> Mulls 0x80078071<32>) >> 0x20<8>)) + a1<4>) >>a 0xf<8>) - (a1<4> >>a 0x1f<8>)) << 0x10<8>) - ((((Conv(64->32, ((a1<4> Mulls 0x80078071<32>) >> 0x20<8>)) + a1<4>) >>a 0xf<8>) - (a1<4> >>a 0x1f<8>)) << 0x4<8>)) + (((Conv(64->32, ((a1<4> Mulls 0x80078071<32>) >> 0x20<8>)) + a1<4>) >>a 0xf<8>) - (a1<4> >>a 0x1f<8>)))) & 0xff<32>)) DivMods (t2<4> + 0x1<32>))
Unusual expression Mull: (a1<4> Mulls 0x80078071<32>)
Unusual expression Mull: (a1<4> Mulls 0x80078071<32>)
Unusual expression Mull: (a1<4> Mulls 0x80078071<32>)
Unusual expression Divmod: (Conv(32->s64, ((a1<4> - ((((((Conv(64->32, ((a1<4> Mulls 0x80078071<32>) >> 0x20<8>)) + a1<4>) >>a 0xf<8>) - (a1<4> >>a 0x1f<8>)) << 0x10<8>) - ((((Conv(64->32, ((a1<4> Mulls 0x80078071<32>) >> 0x20<8>)) + a1<4>) >>a 0xf<8>) - (a1<4> >>a 0x1f<8>)) << 0x4<8>)) + (((Conv(64->32, ((a1<4> Mulls 0x80078071<32>) >> 0x20<8>)) + a1<4>) >>a 0xf<8>) - (a1<4> >>a 0x1f<8>)))) & 0xff<32>)) DivMods (t2<4> + 0x1<32>))
Unusual expression Mull: (a1<4> Mulls 0x80078071<32>)
Unusual expression Mull: (a1<4> Mulls 0x80078071<32>)
Unusual expression Mull: (a1<4> Mulls 0x80078071<32>)
Unusual expression Concat: (Conv(64->32, ((Conv(64->32, ((Conv(32->s64, ((a1<4> - ((((((Conv(64->32, ((a1<4> Mulls 0x80078071<32>) >> 0x20<8>)) + a1<4>) >>a 0xf<8>) - (a1<4> >>a 0x1f<8>)) << 0x10<8>) - ((((Conv(64->32, ((a1<4> Mulls 0x80078071<32>) >> 0x20<8>)) + a1<4>) >>a 0xf<8>) - (a1<4> >>a 0x1f<8>)) << 0x4<8>)) + (((Conv(64->32, ((a1<4> Mulls 0x80078071<32>) >> 0x20<8>)) + a1<4>) >>a 0xf<8>) - (a1<4> >>a 0x1f<8>)))) & 0xff<32>)) DivMods (t2<4> + 0x1<32>)) >> 0x20<8>)) CONCAT Conv(64->32, (Conv(64->32, ((Conv(64->32, ((a1<4> Mulls 0x80078071<32>) >> 0x20<8>)) CONCAT Conv(64->32, (Conv(64->32, ((Conv(64->32, (((0xff<32> - t2<4>) Mulls 0x4ec4ec4f<32>) >> 0x20<8>)) CONCAT ac0<4>) >> 0x20<8>)) CONCAT Conv(64->32, ((0xff<32> - t2<4>) Mulls 0x4ec4ec4f<32>))))) >> 0x20<8>)) CONCAT Conv(64->32, (a1<4> Mulls 0x80078071<32>))))) >> 0x20<8>)) CONCAT Conv(64->32, (Conv(32->s64, ((a1<4> - ((((((Conv(64->32, ((a1<4> Mulls 0x80078071<32>) >> 0x20<8>)) + a1<4>) >>a 0xf<8>) - (a1<4> >>a 0x1f<8>)) << 0x10<8>) - ((((Conv(64->32, ((a1<4> Mulls 0x80078071<32>) >> 0x20<8>)) + a1<4>) >>a 0xf<8>) - (a1<4> >>a 0x1f<8>)) << 0x4<8>)) + (((Conv(64->32, ((a1<4> Mulls 0x80078071<32>) >> 0x20<8>)) + a1<4>) >>a 0xf<8>) - (a1<4> >>a 0x1f<8>)))) & 0xff<32>)) DivMods (t2<4> + 0x1<32>))))
Unusual expression Divmod: (Conv(32->s64, ((a1<4> - ((((((Conv(64->32, ((a1<4> Mulls 0x80078071<32>) >> 0x20<8>)) + a1<4>) >>a 0xf<8>) - (a1<4> >>a 0x1f<8>)) << 0x10<8>) - ((((Conv(64->32, ((a1<4> Mulls 0x80078071<32>) >> 0x20<8>)) + a1<4>) >>a 0xf<8>) - (a1<4> >>a 0x1f<8>)) << 0x4<8>)) + (((Conv(64->32, ((a1<4> Mulls 0x80078071<32>) >> 0x20<8>)) + a1<4>) >>a 0xf<8>) - (a1<4> >>a 0x1f<8>)))) & 0xff<32>)) DivMods (t2<4> + 0x1<32>))
Unusual expression Mull: (a1<4> Mulls 0x80078071<32>)
Unusual expression Mull: (a1<4> Mulls 0x80078071<32>)
Unusual expression Mull: (a1<4> Mulls 0x80078071<32>)
Unusual expression Divmod: (Conv(32->s64, ((a1<4> - ((((((Conv(64->32, ((a1<4> Mulls 0x80078071<32>) >> 0x20<8>)) + a1<4>) >>a 0xf<8>) - (a1<4> >>a 0x1f<8>)) << 0x10<8>) - ((((Conv(64->32, ((a1<4> Mulls 0x80078071<32>) >> 0x20<8>)) + a1<4>) >>a 0xf<8>) - (a1<4> >>a 0x1f<8>)) << 0x4<8>)) + (((Conv(64->32, ((a1<4> Mulls 0x80078071<32>) >> 0x20<8>)) + a1<4>) >>a 0xf<8>) - (a1<4> >>a 0x1f<8>)))) & 0xff<32>)) DivMods (t2<4> + 0x1<32>))
Unusual expression Mull: (a1<4> Mulls 0x80078071<32>)
Unusual expression Mull: (a1<4> Mulls 0x80078071<32>)
Unusual expression Mull: (a1<4> Mulls 0x80078071<32>)
Unusual expression Mull: (a1<4> Mulls 0x80078071<32>)
Unusual expression Mull: (a1<4> Mulls 0x80078071<32>)
Unusual expression Mull: (a1<4> Mulls 0x80078071<32>)
Unusual expression Mull: ((0xff<32> - t2<4>) Mulls 0x4ec4ec4f<32>)
Unusual expression Mull: ((0xff<32> - t2<4>) Mulls 0x4ec4ec4f<32>)
Unusual expression Mull: ((0xff<32> - t2<4>) Mulls 0x4ec4ec4f<32>)
Unusual expression Concat: (Conv(64->32, ((Conv(64->32, ((s1<4> Mulls 0x92492493<32>) >> 0x20<8>)) CONCAT ac0<4>) >> 0x20<8>)) CONCAT Conv(64->32, (s1<4> Mulls 0x92492493<32>)))
Unusual expression Mull: (s1<4> Mulls 0x92492493<32>)
Unusual expression Mull: (s1<4> Mulls 0x92492493<32>)
Unusual expression Mull: (s1<4> Mulls 0x55555556<32>)
Unusual expression Mull: (s1<4> Mulls 0x55555556<32>)
Unusual expression Concat: (Conv(64->32, ((Conv(64->32, ((s1<4> Mulls 0x55555556<32>) >> 0x20<8>)) CONCAT ac0<4>) >> 0x20<8>)) CONCAT Conv(64->32, (s1<4> Mulls 0x55555556<32>)))
Unusual expression Concat: (Conv(64->32, ((Conv(64->32, ((s1<4> Mulls 0x92492493<32>) >> 0x20<8>)) CONCAT ac0<4>) >> 0x20<8>)) CONCAT Conv(64->32, (s1<4> Mulls 0x92492493<32>)))
Unusual expression Mull: (s1<4> Mulls 0x92492493<32>)
Unusual expression Mull: (s1<4> Mulls 0x92492493<32>)
Unusual expression Mull: (s1<4> Mulls 0x55555556<32>)
Unusual expression Mull: (s1<4> Mulls 0x55555556<32>)
Unusual expression Concat: (Conv(64->32, ((Conv(64->32, ((s1<4> Mulls 0x55555556<32>) >> 0x20<8>)) CONCAT ac0<4>) >> 0x20<8>)) CONCAT Conv(64->32, (s1<4> Mulls 0x55555556<32>)))
