DEBUG    | 2023-04-22 12:09:01,530 | Yasat.checkers.rule_checker | Found function return value: Function EVP_EncryptInit_ex [87176]
  Syscall: False
  SP difference: 0
  Has return: False
  Returning: True
  Alignment: False
  Arguments: reg: [], stack: []
  Blocks: [0x15488]
  Calling convention: None
DEBUG    | 2023-04-22 12:10:40,000 | Yasat.checkers.rule_checker | Found function return value: Function EVP_dss1 [44048]
  Syscall: False
  SP difference: 0
  Has return: False
  Returning: True
  Alignment: False
  Arguments: reg: [], stack: []
  Blocks: [0xac10]
  Calling convention: None
DEBUG    | 2023-04-22 12:10:44,847 | Yasat.checkers.rule_checker | Found function return value: Function EVP_dss1 [44456]
  Syscall: False
  SP difference: 0
  Has return: False
  Returning: True
  Alignment: False
  Arguments: reg: [], stack: []
  Blocks: [0xada8]
  Calling convention: None
DEBUG    | 2023-04-22 12:10:45,283 | Yasat.checkers.rule_checker | Found function return value: Function EVP_dss1 [44048]
  Syscall: False
  SP difference: 0
  Has return: False
  Returning: True
  Alignment: False
  Arguments: reg: [], stack: []
  Blocks: [0xac10]
  Calling convention: None
DEBUG    | 2023-04-22 12:10:50,487 | Yasat.checkers.rule_checker | Found function return value: Function EVP_dss1 [44456]
  Syscall: False
  SP difference: 0
  Has return: False
  Returning: True
  Alignment: False
  Arguments: reg: [], stack: []
  Blocks: [0xada8]
  Calling convention: None
DEBUG    | 2023-04-22 12:10:56,098 | Yasat.checkers.rule_checker | Found function return value: Function EVP_get_digestbyname [35348]
  Syscall: False
  SP difference: 0
  Has return: False
  Returning: True
  Alignment: False
  Arguments: reg: [], stack: []
  Blocks: [0x8a14]
  Calling convention: None
DEBUG    | 2023-04-22 12:10:56,099 | Yasat.checkers.rule_checker | Found function return value: Function EVP_get_digestbyname [35348]
  Syscall: False
  SP difference: 0
  Has return: False
  Returning: True
  Alignment: False
  Arguments: reg: [], stack: []
  Blocks: [0x8a14]
  Calling convention: None
DEBUG    | 2023-04-22 12:13:03,031 | Yasat.checkers.rule_checker | Found function return value: None
DEBUG    | 2023-04-22 12:14:46,084 | Yasat.checkers.rule_checker | Found function return value: Function EVP_aes_128_cbc [4227524]
  Syscall: False
  SP difference: 0
  Has return: False
  Returning: True
  Alignment: False
  Arguments: reg: [], stack: []
  Blocks: [0x4081c4]
  Calling convention: None
DEBUG    | 2023-04-22 12:14:46,200 | Yasat.checkers.rule_checker | Found function return value: Function EVP_aes_128_cbc [4227524]
  Syscall: False
  SP difference: 0
  Has return: False
  Returning: True
  Alignment: False
  Arguments: reg: [], stack: []
  Blocks: [0x4081c4]
  Calling convention: None
DEBUG    | 2023-04-22 12:16:26,450 | Yasat.checkers.rule_checker | Found function return value: Function EVP_md5 [4261224]
  Syscall: False
  SP difference: 0
  Has return: False
  Returning: True
  Alignment: False
  Arguments: reg: [], stack: []
  Blocks: [0x410568]
  Calling convention: None
DEBUG    | 2023-04-22 12:16:26,451 | Yasat.checkers.rule_checker | Found function return value: Function EVP_sha1 [4261764]
  Syscall: False
  SP difference: 0
  Has return: False
  Returning: True
  Alignment: False
  Arguments: reg: [], stack: []
  Blocks: [0x410784]
  Calling convention: None
DEBUG    | 2023-04-22 12:16:32,796 | Yasat.checkers.rule_checker | Found function return value: Function EVP_sha1 [4261764]
  Syscall: False
  SP difference: 0
  Has return: False
  Returning: True
  Alignment: False
  Arguments: reg: [], stack: []
  Blocks: [0x410784]
  Calling convention: None
DEBUG    | 2023-04-22 12:16:32,797 | Yasat.checkers.rule_checker | Found function return value: Function EVP_md5 [4261224]
  Syscall: False
  SP difference: 0
  Has return: False
  Returning: True
  Alignment: False
  Arguments: reg: [], stack: []
  Blocks: [0x410568]
  Calling convention: None
DEBUG    | 2023-04-22 12:16:32,797 | Yasat.checkers.rule_checker | Found function return value: Function EVP_md5 [4261224]
  Syscall: False
  SP difference: 0
  Has return: False
  Returning: True
  Alignment: False
  Arguments: reg: [], stack: []
  Blocks: [0x410568]
  Calling convention: None
DEBUG    | 2023-04-22 12:16:32,797 | Yasat.checkers.rule_checker | Found function return value: Function EVP_sha1 [4261764]
  Syscall: False
  SP difference: 0
  Has return: False
  Returning: True
  Alignment: False
  Arguments: reg: [], stack: []
  Blocks: [0x410784]
  Calling convention: None
DEBUG    | 2023-04-22 12:16:43,375 | Yasat.checkers.rule_checker | Found function return value: None
DEBUG    | 2023-04-22 12:16:43,466 | Yasat.checkers.rule_checker | Found function return value: Function EVP_des_cbc [4211500]
  Syscall: False
  SP difference: 0
  Has return: False
  Returning: True
  Alignment: False
  Arguments: reg: [], stack: []
  Blocks: [0x40432c]
  Calling convention: None
DEBUG    | 2023-04-22 12:16:43,466 | Yasat.checkers.rule_checker | Found function return value: Function EVP_des_cbc [4211500]
  Syscall: False
  SP difference: 0
  Has return: False
  Returning: True
  Alignment: False
  Arguments: reg: [], stack: []
  Blocks: [0x40432c]
  Calling convention: None
DEBUG    | 2023-04-22 12:16:43,467 | Yasat.checkers.rule_checker | Found function return value: Function EVP_des_cbc [4211500]
  Syscall: False
  SP difference: 0
  Has return: False
  Returning: True
  Alignment: False
  Arguments: reg: [], stack: []
  Blocks: [0x40432c]
  Calling convention: None
DEBUG    | 2023-04-22 12:17:32,963 | Yasat.checkers.rule_checker | Found function return value: None
DEBUG    | 2023-04-22 12:17:33,067 | Yasat.checkers.rule_checker | Found function return value: None
DEBUG    | 2023-04-22 12:17:33,155 | Yasat.checkers.rule_checker | Found function return value: Function EVP_des_cbc [4213420]
  Syscall: False
  SP difference: 0
  Has return: False
  Returning: True
  Alignment: False
  Arguments: reg: [], stack: []
  Blocks: [0x404aac]
  Calling convention: None
DEBUG    | 2023-04-22 12:17:33,156 | Yasat.checkers.rule_checker | Found function return value: Function EVP_des_cbc [4213420]
  Syscall: False
  SP difference: 0
  Has return: False
  Returning: True
  Alignment: False
  Arguments: reg: [], stack: []
  Blocks: [0x404aac]
  Calling convention: None
DEBUG    | 2023-04-22 12:17:33,156 | Yasat.checkers.rule_checker | Found function return value: Function EVP_des_cbc [4213420]
  Syscall: False
  SP difference: 0
  Has return: False
  Returning: True
  Alignment: False
  Arguments: reg: [], stack: []
  Blocks: [0x404aac]
  Calling convention: None
DEBUG    | 2023-04-22 12:17:41,914 | Yasat.checkers.rule_checker | Found function return value: None
DEBUG    | 2023-04-22 12:18:33,104 | Yasat.checkers.rule_checker | Found function return value: None
DEBUG    | 2023-04-22 12:18:58,956 | Yasat.checkers.rule_checker | Found function return value: Function EVP_sha256 [4222956]
  Syscall: False
  SP difference: 0
  Has return: False
  Returning: True
  Alignment: False
  Arguments: reg: [], stack: []
  Blocks: [0x406fec]
  Calling convention: None
DEBUG    | 2023-04-22 12:18:59,706 | Yasat.checkers.rule_checker | Found function return value: Function EVP_sha256 [4222956]
  Syscall: False
  SP difference: 0
  Has return: False
  Returning: True
  Alignment: False
  Arguments: reg: [], stack: []
  Blocks: [0x406fec]
  Calling convention: None
DEBUG    | 2023-04-22 12:21:39,613 | Yasat.checkers.rule_checker | Found function return value: Function EVP_BytesToKey [68096]
  Syscall: False
  SP difference: 0
  Has return: False
  Returning: True
  Alignment: False
  Arguments: reg: [], stack: []
  Blocks: [0x10a00]
  Calling convention: None
DEBUG    | 2023-04-22 12:21:39,650 | Yasat.checkers.rule_checker | Found function return value: Function EVP_aes_128_cbc [68324]
  Syscall: False
  SP difference: 0
  Has return: False
  Returning: True
  Alignment: False
  Arguments: reg: [], stack: []
  Blocks: [0x10ae4]
  Calling convention: None
DEBUG    | 2023-04-22 12:21:39,696 | Yasat.checkers.rule_checker | Found function return value: Function EVP_aes_128_cbc [68324]
  Syscall: False
  SP difference: 0
  Has return: False
  Returning: True
  Alignment: False
  Arguments: reg: [], stack: []
  Blocks: [0x10ae4]
  Calling convention: None
DEBUG    | 2023-04-22 12:25:24,835 | Yasat.checkers.rule_checker | Found function return value: Function EVP_get_digestbyname [72396]
  Syscall: False
  SP difference: 0
  Has return: False
  Returning: True
  Alignment: False
  Arguments: reg: [], stack: []
  Blocks: [0x11acc]
  Calling convention: None
DEBUG    | 2023-04-22 12:25:51,435 | Yasat.checkers.rule_checker | Found function return value: None
DEBUG    | 2023-04-22 12:26:10,953 | Yasat.checkers.rule_checker | Found function return value: Function EVP_sha1 [4337720]
  Syscall: False
  SP difference: 0
  Has return: False
  Returning: True
  Alignment: False
  Arguments: reg: [], stack: []
  Blocks: [0x423038]
  Calling convention: None
DEBUG    | 2023-04-22 12:26:10,954 | Yasat.checkers.rule_checker | Found function return value: Function __cxa_allocate_exception [4330952]
  Syscall: False
  SP difference: 0
  Has return: False
  Returning: True
  Alignment: False
  Arguments: reg: [], stack: []
  Blocks: [0x4215c8]
  Calling convention: None
DEBUG    | 2023-04-22 12:26:14,058 | Yasat.checkers.rule_checker | Found function return value: Function EVP_get_digestbyname [4215052]
  Syscall: False
  SP difference: 0
  Has return: False
  Returning: True
  Alignment: False
  Arguments: reg: [], stack: []
  Blocks: [0x40510c]
  Calling convention: None
DEBUG    | 2023-04-22 12:26:18,196 | Yasat.checkers.rule_checker | Found function return value: Function EVP_get_digestbyname [4215052]
  Syscall: False
  SP difference: 0
  Has return: False
  Returning: True
  Alignment: False
  Arguments: reg: [], stack: []
  Blocks: [0x40510c]
  Calling convention: None
DEBUG    | 2023-04-22 12:29:02,972 | Yasat.checkers.rule_checker | Found function return value: None
DEBUG    | 2023-04-22 12:29:13,180 | Yasat.checkers.rule_checker | Found function return value: Function EVP_sha256 [4214288]
  Syscall: False
  SP difference: 0
  Has return: False
  Returning: True
  Alignment: False
  Arguments: reg: [], stack: []
  Blocks: [0x404e10]
  Calling convention: None
DEBUG    | 2023-04-22 12:29:14,802 | Yasat.checkers.rule_checker | Found function return value: Function EVP_md5 [4217144]
  Syscall: False
  SP difference: 0
  Has return: False
  Returning: True
  Alignment: False
  Arguments: reg: [], stack: []
  Blocks: [0x405938]
  Calling convention: None
DEBUG    | 2023-04-22 12:29:24,763 | Yasat.checkers.rule_checker | Found function return value: Function EVP_sha512 [4197772]
  Syscall: False
  SP difference: 0
  Has return: False
  Returning: True
  Alignment: False
  Arguments: reg: [], stack: []
  Blocks: [0x400d8c]
  Calling convention: None
DEBUG    | 2023-04-22 12:29:24,765 | Yasat.checkers.rule_checker | Found function return value: Function EVP_sha384 [4197640]
  Syscall: False
  SP difference: 0
  Has return: False
  Returning: True
  Alignment: False
  Arguments: reg: [], stack: []
  Blocks: [0x400d08]
  Calling convention: None
DEBUG    | 2023-04-22 12:29:24,766 | Yasat.checkers.rule_checker | Found function return value: Function EVP_sha224 [4198012]
  Syscall: False
  SP difference: 0
  Has return: False
  Returning: True
  Alignment: False
  Arguments: reg: [], stack: []
  Blocks: [0x400e7c]
  Calling convention: None
DEBUG    | 2023-04-22 12:29:24,767 | Yasat.checkers.rule_checker | Found function return value: Function EVP_sha256 [4198048]
  Syscall: False
  SP difference: 0
  Has return: False
  Returning: True
  Alignment: False
  Arguments: reg: [], stack: []
  Blocks: [0x400ea0]
  Calling convention: None
DEBUG    | 2023-04-22 12:29:32,787 | Yasat.checkers.rule_checker | Found function return value: Function EVP_sha256 [4198048]
  Syscall: False
  SP difference: 0
  Has return: False
  Returning: True
  Alignment: False
  Arguments: reg: [], stack: []
  Blocks: [0x400ea0]
  Calling convention: None
DEBUG    | 2023-04-22 12:29:32,788 | Yasat.checkers.rule_checker | Found function return value: Function EVP_sha384 [4197640]
  Syscall: False
  SP difference: 0
  Has return: False
  Returning: True
  Alignment: False
  Arguments: reg: [], stack: []
  Blocks: [0x400d08]
  Calling convention: None
DEBUG    | 2023-04-22 12:29:32,789 | Yasat.checkers.rule_checker | Found function return value: None
DEBUG    | 2023-04-22 12:29:32,789 | Yasat.checkers.rule_checker | Found function return value: Function EVP_sha224 [4198012]
  Syscall: False
  SP difference: 0
  Has return: False
  Returning: True
  Alignment: False
  Arguments: reg: [], stack: []
  Blocks: [0x400e7c]
  Calling convention: None
DEBUG    | 2023-04-22 12:29:32,789 | Yasat.checkers.rule_checker | Found function return value: Function EVP_sha512 [4197772]
  Syscall: False
  SP difference: 0
  Has return: False
  Returning: True
  Alignment: False
  Arguments: reg: [], stack: []
  Blocks: [0x400d8c]
  Calling convention: None
DEBUG    | 2023-04-22 12:29:45,270 | Yasat.checkers.rule_checker | Found function return value: Function EVP_aes_256_cbc [65712]
  Syscall: False
  SP difference: 0
  Has return: False
  Returning: True
  Alignment: False
  Arguments: reg: [], stack: []
  Blocks: [0x100b0]
  Calling convention: None
DEBUG    | 2023-04-22 12:29:45,293 | Yasat.checkers.rule_checker | Found function return value: None
DEBUG    | 2023-04-22 12:29:45,316 | Yasat.checkers.rule_checker | Found function return value: Function EVP_aes_256_cbc [65712]
  Syscall: False
  SP difference: 0
  Has return: False
  Returning: True
  Alignment: False
  Arguments: reg: [], stack: []
  Blocks: [0x100b0]
  Calling convention: None
DEBUG    | 2023-04-22 12:29:45,338 | Yasat.checkers.rule_checker | Found function return value: None
DEBUG    | 2023-04-22 12:29:45,372 | Yasat.checkers.rule_checker | Found function return value: Function EVP_aes_256_cbc [65712]
  Syscall: False
  SP difference: 0
  Has return: False
  Returning: True
  Alignment: False
  Arguments: reg: [], stack: []
  Blocks: [0x100b0]
  Calling convention: None
DEBUG    | 2023-04-22 12:30:11,772 | Yasat.checkers.rule_checker | Found function return value: Function EVP_sha256 [37360]
  Syscall: False
  SP difference: 0
  Has return: False
  Returning: True
  Alignment: False
  Arguments: reg: [], stack: []
  Blocks: [0x91f0]
  Calling convention: None
DEBUG    | 2023-04-22 12:30:12,590 | Yasat.checkers.rule_checker | Found function return value: Function EVP_sha256 [37360]
  Syscall: False
  SP difference: 0
  Has return: False
  Returning: True
  Alignment: False
  Arguments: reg: [], stack: []
  Blocks: [0x91f0]
  Calling convention: None
DEBUG    | 2023-04-22 12:30:12,902 | Yasat.checkers.rule_checker | Found function return value: Function EVP_sha256 [44556]
  Syscall: False
  SP difference: 0
  Has return: False
  Returning: True
  Alignment: False
  Arguments: reg: [], stack: []
  Blocks: [0xae0c]
  Calling convention: None
DEBUG    | 2023-04-22 12:30:14,807 | Yasat.checkers.rule_checker | Found function return value: Function EVP_sha256 [37360]
  Syscall: False
  SP difference: 0
  Has return: False
  Returning: True
  Alignment: False
  Arguments: reg: [], stack: []
  Blocks: [0x91f0]
  Calling convention: None
DEBUG    | 2023-04-22 12:30:14,827 | Yasat.checkers.rule_checker | Found function return value: Function EVP_sha256 [35944]
  Syscall: False
  SP difference: 0
  Has return: False
  Returning: True
  Alignment: False
  Arguments: reg: [], stack: []
  Blocks: [0x8c68]
  Calling convention: None
DEBUG    | 2023-04-22 12:30:21,052 | Yasat.checkers.rule_checker | Found function return value: Function EVP_sha1 [4253792]
  Syscall: False
  SP difference: 0
  Has return: False
  Returning: True
  Alignment: False
  Arguments: reg: [], stack: []
  Blocks: [0x40e860]
  Calling convention: None
DEBUG    | 2023-04-22 12:30:21,052 | Yasat.checkers.rule_checker | Found function return value: Function EVP_md5 [4253300]
  Syscall: False
  SP difference: 0
  Has return: False
  Returning: True
  Alignment: False
  Arguments: reg: [], stack: []
  Blocks: [0x40e674]
  Calling convention: None
DEBUG    | 2023-04-22 12:30:24,299 | Yasat.checkers.rule_checker | Found function return value: Function EVP_sha256 [35444]
  Syscall: False
  SP difference: 0
  Has return: False
  Returning: True
  Alignment: False
  Arguments: reg: [], stack: []
  Blocks: [0x8a74]
  Calling convention: None
DEBUG    | 2023-04-22 12:30:25,193 | Yasat.checkers.rule_checker | Found function return value: Function EVP_sha1 [4253792]
  Syscall: False
  SP difference: 0
  Has return: False
  Returning: True
  Alignment: False
  Arguments: reg: [], stack: []
  Blocks: [0x40e860]
  Calling convention: None
DEBUG    | 2023-04-22 12:30:25,194 | Yasat.checkers.rule_checker | Found function return value: Function EVP_md5 [4253300]
  Syscall: False
  SP difference: 0
  Has return: False
  Returning: True
  Alignment: False
  Arguments: reg: [], stack: []
  Blocks: [0x40e674]
  Calling convention: None
DEBUG    | 2023-04-22 12:30:26,518 | Yasat.checkers.rule_checker | Found function return value: Function EVP_sha256 [37360]
  Syscall: False
  SP difference: 0
  Has return: False
  Returning: True
  Alignment: False
  Arguments: reg: [], stack: []
  Blocks: [0x91f0]
  Calling convention: None
DEBUG    | 2023-04-22 12:30:40,183 | Yasat.checkers.rule_checker | Found function return value: Function EVP_get_digestbyname [35720]
  Syscall: False
  SP difference: 0
  Has return: False
  Returning: True
  Alignment: False
  Arguments: reg: [], stack: []
  Blocks: [0x8b88]
  Calling convention: None
DEBUG    | 2023-04-22 12:31:25,122 | Yasat.checkers.rule_checker | Found function return value: Function EVP_DigestInit_ex [38972]
  Syscall: False
  SP difference: 0
  Has return: False
  Returning: True
  Alignment: False
  Arguments: reg: [], stack: []
  Blocks: [0x983c]
  Calling convention: None
DEBUG    | 2023-04-22 12:31:33,596 | Yasat.checkers.rule_checker | Found function return value: Function EVP_DigestInit_ex [38972]
  Syscall: False
  SP difference: 0
  Has return: False
  Returning: True
  Alignment: False
  Arguments: reg: [], stack: []
  Blocks: [0x983c]
  Calling convention: None
DEBUG    | 2023-04-22 12:32:28,606 | Yasat.checkers.rule_checker | Found function return value: None
DEBUG    | 2023-04-22 12:32:32,638 | Yasat.checkers.rule_checker | Found function return value: None
DEBUG    | 2023-04-22 12:33:06,083 | Yasat.checkers.rule_checker | Found function return value: Function EVP_sha256 [4237204]
  Syscall: False
  SP difference: 0
  Has return: False
  Returning: True
  Alignment: False
  Arguments: reg: [], stack: []
  Blocks: [0x40a794]
  Calling convention: None
DEBUG    | 2023-04-22 12:33:50,460 | Yasat.checkers.rule_checker | Found function return value: Function EVP_sha256 [4207196]
  Syscall: False
  SP difference: 0
  Has return: False
  Returning: True
  Alignment: False
  Arguments: reg: [], stack: []
  Blocks: [0x40325c]
  Calling convention: None
DEBUG    | 2023-04-22 12:35:08,338 | Yasat.checkers.rule_checker | Found function return value: Function EVP_sha256 [4218864]
  Syscall: False
  SP difference: 0
  Has return: False
  Returning: True
  Alignment: False
  Arguments: reg: [], stack: []
  Blocks: [0x405ff0]
  Calling convention: None
DEBUG    | 2023-04-22 12:35:10,078 | Yasat.checkers.rule_checker | Found function return value: Function EVP_md5 [4215624]
  Syscall: False
  SP difference: 0
  Has return: False
  Returning: True
  Alignment: False
  Arguments: reg: [], stack: []
  Blocks: [0x405348]
  Calling convention: None
DEBUG    | 2023-04-22 12:35:22,755 | Yasat.checkers.rule_checker | Found function return value: Function EVP_get_digestbyname [68912]
  Syscall: False
  SP difference: 0
  Has return: False
  Returning: True
  Alignment: False
  Arguments: reg: [], stack: []
  Blocks: [0x10d30]
  Calling convention: None
DEBUG    | 2023-04-22 12:35:22,757 | Yasat.checkers.rule_checker | Found function return value: Function EVP_get_digestbyname [68912]
  Syscall: False
  SP difference: 0
  Has return: False
  Returning: True
  Alignment: False
  Arguments: reg: [], stack: []
  Blocks: [0x10d30]
  Calling convention: None
DEBUG    | 2023-04-22 12:35:40,394 | Yasat.checkers.rule_checker | Found function return value: Function EVP_dss1 [4302960]
  Syscall: False
  SP difference: 0
  Has return: False
  Returning: True
  Alignment: False
  Arguments: reg: [], stack: []
  Blocks: [0x41a870]
  Calling convention: None
DEBUG    | 2023-04-22 12:36:46,139 | Yasat.checkers.rule_checker | Found function return value: Function EVP_sha256 [4219964]
  Syscall: False
  SP difference: 0
  Has return: False
  Returning: True
  Alignment: False
  Arguments: reg: [], stack: []
  Blocks: [0x40643c]
  Calling convention: None
DEBUG    | 2023-04-22 12:36:48,591 | Yasat.checkers.rule_checker | Found function return value: Function EVP_md5 [4217588]
  Syscall: False
  SP difference: 0
  Has return: False
  Returning: True
  Alignment: False
  Arguments: reg: [], stack: []
  Blocks: [0x405af4]
  Calling convention: None
DEBUG    | 2023-04-22 12:36:54,675 | Yasat.checkers.rule_checker | Found function return value: Function EVP_rc4 [4229884]
  Syscall: False
  SP difference: 0
  Has return: False
  Returning: True
  Alignment: False
  Arguments: reg: [], stack: []
  Blocks: [0x408afc]
  Calling convention: None
DEBUG    | 2023-04-22 12:36:54,676 | Yasat.checkers.rule_checker | Found function return value: None
DEBUG    | 2023-04-22 12:36:55,118 | Yasat.checkers.rule_checker | Found function return value: Function EVP_aes_128_cbc [4232128]
  Syscall: False
  SP difference: 0
  Has return: False
  Returning: True
  Alignment: False
  Arguments: reg: [], stack: []
  Blocks: [0x4093c0]
  Calling convention: None
DEBUG    | 2023-04-22 12:36:55,786 | Yasat.checkers.rule_checker | Found function return value: Function EVP_des_cbc [4233100]
  Syscall: False
  SP difference: 0
  Has return: False
  Returning: True
  Alignment: False
  Arguments: reg: [], stack: []
  Blocks: [0x40978c]
  Calling convention: None
DEBUG    | 2023-04-22 12:36:55,787 | Yasat.checkers.rule_checker | Found function return value: Function EVP_aes_256_cbc [4228768]
  Syscall: False
  SP difference: 0
  Has return: False
  Returning: True
  Alignment: False
  Arguments: reg: [], stack: []
  Blocks: [0x4086a0]
  Calling convention: None
DEBUG    | 2023-04-22 12:36:55,788 | Yasat.checkers.rule_checker | Found function return value: Function EVP_aes_192_cbc [4228948]
  Syscall: False
  SP difference: 0
  Has return: False
  Returning: True
  Alignment: False
  Arguments: reg: [], stack: []
  Blocks: [0x408754]
  Calling convention: None
DEBUG    | 2023-04-22 12:36:55,788 | Yasat.checkers.rule_checker | Found function return value: Function EVP_des_ede3_cbc [4232272]
  Syscall: False
  SP difference: 0
  Has return: False
  Returning: True
  Alignment: False
  Arguments: reg: [], stack: []
  Blocks: [0x409450]
  Calling convention: None
DEBUG    | 2023-04-22 12:36:55,789 | Yasat.checkers.rule_checker | Found function return value: Function EVP_rc2_ecb [4232752]
  Syscall: False
  SP difference: 0
  Has return: False
  Returning: True
  Alignment: False
  Arguments: reg: [], stack: []
  Blocks: [0x409630]
  Calling convention: None
DEBUG    | 2023-04-22 12:36:55,789 | Yasat.checkers.rule_checker | Found function return value: Function EVP_rc4 [4229884]
  Syscall: False
  SP difference: 0
  Has return: False
  Returning: True
  Alignment: False
  Arguments: reg: [], stack: []
  Blocks: [0x408afc]
  Calling convention: None
DEBUG    | 2023-04-22 12:36:55,790 | Yasat.checkers.rule_checker | Found function return value: Function EVP_aes_128_cbc [4232128]
  Syscall: False
  SP difference: 0
  Has return: False
  Returning: True
  Alignment: False
  Arguments: reg: [], stack: []
  Blocks: [0x4093c0]
  Calling convention: None
DEBUG    | 2023-04-22 12:36:55,790 | Yasat.checkers.rule_checker | Found function return value: None
DEBUG    | 2023-04-22 12:36:55,844 | Yasat.checkers.rule_checker | Found function return value: Function EVP_aes_128_cbc [4232128]
  Syscall: False
  SP difference: 0
  Has return: False
  Returning: True
  Alignment: False
  Arguments: reg: [], stack: []
  Blocks: [0x4093c0]
  Calling convention: None
DEBUG    | 2023-04-22 12:36:56,711 | Yasat.checkers.rule_checker | Found function return value: Function EVP_rc4 [4233508]
  Syscall: False
  SP difference: 0
  Has return: False
  Returning: True
  Alignment: False
  Arguments: reg: [], stack: []
  Blocks: [0x409924]
  Calling convention: None
DEBUG    | 2023-04-22 12:36:56,711 | Yasat.checkers.rule_checker | Found function return value: None
DEBUG    | 2023-04-22 12:36:57,039 | Yasat.checkers.rule_checker | Found function return value: Function EVP_aes_128_cbc [4235644]
  Syscall: False
  SP difference: 0
  Has return: False
  Returning: True
  Alignment: False
  Arguments: reg: [], stack: []
  Blocks: [0x40a17c]
  Calling convention: None
DEBUG    | 2023-04-22 12:36:57,076 | Yasat.checkers.rule_checker | Found function return value: Function EVP_aes_192_cbc [4228948]
  Syscall: False
  SP difference: 0
  Has return: False
  Returning: True
  Alignment: False
  Arguments: reg: [], stack: []
  Blocks: [0x408754]
  Calling convention: None
DEBUG    | 2023-04-22 12:36:57,077 | Yasat.checkers.rule_checker | Found function return value: Function EVP_des_ede3_cbc [4232272]
  Syscall: False
  SP difference: 0
  Has return: False
  Returning: True
  Alignment: False
  Arguments: reg: [], stack: []
  Blocks: [0x409450]
  Calling convention: None
DEBUG    | 2023-04-22 12:36:57,078 | Yasat.checkers.rule_checker | Found function return value: Function EVP_des_cbc [4233100]
  Syscall: False
  SP difference: 0
  Has return: False
  Returning: True
  Alignment: False
  Arguments: reg: [], stack: []
  Blocks: [0x40978c]
  Calling convention: None
DEBUG    | 2023-04-22 12:36:57,078 | Yasat.checkers.rule_checker | Found function return value: Function EVP_rc4 [4229884]
  Syscall: False
  SP difference: 0
  Has return: False
  Returning: True
  Alignment: False
  Arguments: reg: [], stack: []
  Blocks: [0x408afc]
  Calling convention: None
DEBUG    | 2023-04-22 12:36:57,078 | Yasat.checkers.rule_checker | Found function return value: Function EVP_aes_256_cbc [4228768]
  Syscall: False
  SP difference: 0
  Has return: False
  Returning: True
  Alignment: False
  Arguments: reg: [], stack: []
  Blocks: [0x4086a0]
  Calling convention: None
DEBUG    | 2023-04-22 12:36:57,079 | Yasat.checkers.rule_checker | Found function return value: Function EVP_aes_128_cbc [4232128]
  Syscall: False
  SP difference: 0
  Has return: False
  Returning: True
  Alignment: False
  Arguments: reg: [], stack: []
  Blocks: [0x4093c0]
  Calling convention: None
DEBUG    | 2023-04-22 12:36:57,079 | Yasat.checkers.rule_checker | Found function return value: Function EVP_rc2_ecb [4232752]
  Syscall: False
  SP difference: 0
  Has return: False
  Returning: True
  Alignment: False
  Arguments: reg: [], stack: []
  Blocks: [0x409630]
  Calling convention: None
DEBUG    | 2023-04-22 12:36:57,079 | Yasat.checkers.rule_checker | Found function return value: None
DEBUG    | 2023-04-22 12:36:57,668 | Yasat.checkers.rule_checker | Found function return value: Function EVP_aes_256_cbc [4232416]
  Syscall: False
  SP difference: 0
  Has return: False
  Returning: True
  Alignment: False
  Arguments: reg: [], stack: []
  Blocks: [0x4094e0]
  Calling convention: None
DEBUG    | 2023-04-22 12:36:57,669 | Yasat.checkers.rule_checker | Found function return value: Function EVP_des_cbc [4236532]
  Syscall: False
  SP difference: 0
  Has return: False
  Returning: True
  Alignment: False
  Arguments: reg: [], stack: []
  Blocks: [0x40a4f4]
  Calling convention: None
DEBUG    | 2023-04-22 12:36:57,669 | Yasat.checkers.rule_checker | Found function return value: Function EVP_aes_128_cbc [4235644]
  Syscall: False
  SP difference: 0
  Has return: False
  Returning: True
  Alignment: False
  Arguments: reg: [], stack: []
  Blocks: [0x40a17c]
  Calling convention: None
DEBUG    | 2023-04-22 12:36:57,670 | Yasat.checkers.rule_checker | Found function return value: Function EVP_aes_192_cbc [4232596]
  Syscall: False
  SP difference: 0
  Has return: False
  Returning: True
  Alignment: False
  Arguments: reg: [], stack: []
  Blocks: [0x409594]
  Calling convention: None
DEBUG    | 2023-04-22 12:36:57,670 | Yasat.checkers.rule_checker | Found function return value: Function EVP_rc4 [4233508]
  Syscall: False
  SP difference: 0
  Has return: False
  Returning: True
  Alignment: False
  Arguments: reg: [], stack: []
  Blocks: [0x409924]
  Calling convention: None
DEBUG    | 2023-04-22 12:36:57,671 | Yasat.checkers.rule_checker | Found function return value: Function EVP_des_ede3_cbc [4235776]
  Syscall: False
  SP difference: 0
  Has return: False
  Returning: True
  Alignment: False
  Arguments: reg: [], stack: []
  Blocks: [0x40a200]
  Calling convention: None
DEBUG    | 2023-04-22 12:36:57,671 | Yasat.checkers.rule_checker | Found function return value: Function EVP_rc2_ecb [4236220]
  Syscall: False
  SP difference: 0
  Has return: False
  Returning: True
  Alignment: False
  Arguments: reg: [], stack: []
  Blocks: [0x40a3bc]
  Calling convention: None
DEBUG    | 2023-04-22 12:36:57,671 | Yasat.checkers.rule_checker | Found function return value: None
DEBUG    | 2023-04-22 12:36:57,742 | Yasat.checkers.rule_checker | Found function return value: Function EVP_aes_128_cbc [4235644]
  Syscall: False
  SP difference: 0
  Has return: False
  Returning: True
  Alignment: False
  Arguments: reg: [], stack: []
  Blocks: [0x40a17c]
  Calling convention: None
DEBUG    | 2023-04-22 12:36:59,011 | Yasat.checkers.rule_checker | Found function return value: Function EVP_aes_256_cbc [4232416]
  Syscall: False
  SP difference: 0
  Has return: False
  Returning: True
  Alignment: False
  Arguments: reg: [], stack: []
  Blocks: [0x4094e0]
  Calling convention: None
DEBUG    | 2023-04-22 12:36:59,012 | Yasat.checkers.rule_checker | Found function return value: Function EVP_rc4 [4233508]
  Syscall: False
  SP difference: 0
  Has return: False
  Returning: True
  Alignment: False
  Arguments: reg: [], stack: []
  Blocks: [0x409924]
  Calling convention: None
DEBUG    | 2023-04-22 12:36:59,012 | Yasat.checkers.rule_checker | Found function return value: Function EVP_rc2_ecb [4236220]
  Syscall: False
  SP difference: 0
  Has return: False
  Returning: True
  Alignment: False
  Arguments: reg: [], stack: []
  Blocks: [0x40a3bc]
  Calling convention: None
DEBUG    | 2023-04-22 12:36:59,013 | Yasat.checkers.rule_checker | Found function return value: Function EVP_des_ede3_cbc [4235776]
  Syscall: False
  SP difference: 0
  Has return: False
  Returning: True
  Alignment: False
  Arguments: reg: [], stack: []
  Blocks: [0x40a200]
  Calling convention: None
DEBUG    | 2023-04-22 12:36:59,013 | Yasat.checkers.rule_checker | Found function return value: Function EVP_aes_128_cbc [4235644]
  Syscall: False
  SP difference: 0
  Has return: False
  Returning: True
  Alignment: False
  Arguments: reg: [], stack: []
  Blocks: [0x40a17c]
  Calling convention: None
DEBUG    | 2023-04-22 12:36:59,014 | Yasat.checkers.rule_checker | Found function return value: Function EVP_aes_192_cbc [4232596]
  Syscall: False
  SP difference: 0
  Has return: False
  Returning: True
  Alignment: False
  Arguments: reg: [], stack: []
  Blocks: [0x409594]
  Calling convention: None
DEBUG    | 2023-04-22 12:36:59,014 | Yasat.checkers.rule_checker | Found function return value: Function EVP_des_cbc [4236532]
  Syscall: False
  SP difference: 0
  Has return: False
  Returning: True
  Alignment: False
  Arguments: reg: [], stack: []
  Blocks: [0x40a4f4]
  Calling convention: None
DEBUG    | 2023-04-22 12:36:59,014 | Yasat.checkers.rule_checker | Found function return value: None
DEBUG    | 2023-04-22 12:38:17,140 | Yasat.checkers.rule_checker | Found function return value: Function EVP_aes_128_cbc [55740]
  Syscall: False
  SP difference: 0
  Has return: False
  Returning: True
  Alignment: False
  Arguments: reg: [], stack: []
  Blocks: [0xd9bc]
  Calling convention: None
DEBUG    | 2023-04-22 12:38:20,195 | Yasat.checkers.rule_checker | Found function return value: Function EVP_aes_128_cbc [55740]
  Syscall: False
  SP difference: 0
  Has return: False
  Returning: True
  Alignment: False
  Arguments: reg: [], stack: []
  Blocks: [0xd9bc]
  Calling convention: None
DEBUG    | 2023-04-22 12:38:25,081 | Yasat.checkers.rule_checker | Found function return value: Function EVP_aes_128_cbc [55740]
  Syscall: False
  SP difference: 0
  Has return: False
  Returning: True
  Alignment: False
  Arguments: reg: [], stack: []
  Blocks: [0xd9bc]
  Calling convention: None
DEBUG    | 2023-04-22 12:38:31,176 | Yasat.checkers.rule_checker | Found function return value: Function EVP_aes_128_cbc [55740]
  Syscall: False
  SP difference: 0
  Has return: False
  Returning: True
  Alignment: False
  Arguments: reg: [], stack: []
  Blocks: [0xd9bc]
  Calling convention: None
DEBUG    | 2023-04-22 12:38:37,357 | Yasat.checkers.rule_checker | Found function return value: Function EVP_aes_128_cbc [55740]
  Syscall: False
  SP difference: 0
  Has return: False
  Returning: True
  Alignment: False
  Arguments: reg: [], stack: []
  Blocks: [0xd9bc]
  Calling convention: None
DEBUG    | 2023-04-22 12:38:40,200 | Yasat.checkers.rule_checker | Found function return value: Function EVP_md5 [55812]
  Syscall: False
  SP difference: 0
  Has return: False
  Returning: True
  Alignment: False
  Arguments: reg: [], stack: []
  Blocks: [0xda04]
  Calling convention: None
DEBUG    | 2023-04-22 12:38:41,112 | Yasat.checkers.rule_checker | Found function return value: Function EVP_sha256 [52920]
  Syscall: False
  SP difference: 0
  Has return: False
  Returning: True
  Alignment: False
  Arguments: reg: [], stack: []
  Blocks: [0xceb8]
  Calling convention: None
DEBUG    | 2023-04-22 12:38:47,233 | Yasat.checkers.rule_checker | Found function return value: Function EVP_sha256 [68888]
  Syscall: False
  SP difference: 0
  Has return: False
  Returning: True
  Alignment: False
  Arguments: reg: [], stack: []
  Blocks: [0x10d18]
  Calling convention: None
DEBUG    | 2023-04-22 12:39:19,074 | Yasat.checkers.rule_checker | Found function return value: Function EVP_sha1 [4254352]
  Syscall: False
  SP difference: 0
  Has return: False
  Returning: True
  Alignment: False
  Arguments: reg: [], stack: []
  Blocks: [0x40ea90]
  Calling convention: None
DEBUG    | 2023-04-22 12:39:27,568 | Yasat.checkers.rule_checker | Found function return value: Function EVP_md5 [48560]
  Syscall: False
  SP difference: 0
  Has return: False
  Returning: True
  Alignment: False
  Arguments: reg: [], stack: []
  Blocks: [0xbdb0]
  Calling convention: None
DEBUG    | 2023-04-22 12:39:28,461 | Yasat.checkers.rule_checker | Found function return value: Function EVP_md5 [48560]
  Syscall: False
  SP difference: 0
  Has return: False
  Returning: True
  Alignment: False
  Arguments: reg: [], stack: []
  Blocks: [0xbdb0]
  Calling convention: None
DEBUG    | 2023-04-22 12:39:38,161 | Yasat.checkers.rule_checker | Found function return value: Function EVP_rc4 [4356740]
  Syscall: False
  SP difference: 0
  Has return: False
  Returning: True
  Alignment: False
  Arguments: reg: [], stack: []
  Blocks: [0x427a84]
  Calling convention: None
DEBUG    | 2023-04-22 12:39:38,235 | Yasat.checkers.rule_checker | Found function return value: Function EVP_rc4 [4356740]
  Syscall: False
  SP difference: 0
  Has return: False
  Returning: True
  Alignment: False
  Arguments: reg: [], stack: []
  Blocks: [0x427a84]
  Calling convention: None
DEBUG    | 2023-04-22 12:39:54,218 | Yasat.checkers.rule_checker | Found function return value: Function EVP_aes_256_ecb [4244744]
  Syscall: False
  SP difference: 0
  Has return: False
  Returning: True
  Alignment: False
  Arguments: reg: [], stack: []
  Blocks: [0x40c508]
  Calling convention: None
DEBUG    | 2023-04-22 12:39:54,253 | Yasat.checkers.rule_checker | Found function return value: Function EVP_aes_192_ecb [4246076]
  Syscall: False
  SP difference: 0
  Has return: False
  Returning: True
  Alignment: False
  Arguments: reg: [], stack: []
  Blocks: [0x40ca3c]
  Calling convention: None
DEBUG    | 2023-04-22 12:39:54,294 | Yasat.checkers.rule_checker | Found function return value: Function EVP_aes_128_ecb [4243988]
  Syscall: False
  SP difference: 0
  Has return: False
  Returning: True
  Alignment: False
  Arguments: reg: [], stack: []
  Blocks: [0x40c214]
  Calling convention: None
DEBUG    | 2023-04-22 12:40:02,647 | Yasat.checkers.rule_checker | Found function return value: Function EVP_sha256 [4247796]
  Syscall: False
  SP difference: 0
  Has return: False
  Returning: True
  Alignment: False
  Arguments: reg: [], stack: []
  Blocks: [0x40d0f4]
  Calling convention: None
DEBUG    | 2023-04-22 12:40:04,287 | Yasat.checkers.rule_checker | Found function return value: Function EVP_md5 [53504]
  Syscall: False
  SP difference: 0
  Has return: False
  Returning: True
  Alignment: False
  Arguments: reg: [], stack: []
  Blocks: [0xd100]
  Calling convention: None
DEBUG    | 2023-04-22 12:40:04,288 | Yasat.checkers.rule_checker | Found function return value: Function EVP_md5 [53504]
  Syscall: False
  SP difference: 0
  Has return: False
  Returning: True
  Alignment: False
  Arguments: reg: [], stack: []
  Blocks: [0xd100]
  Calling convention: None
DEBUG    | 2023-04-22 12:40:04,289 | Yasat.checkers.rule_checker | Found function return value: Function EVP_md5 [53504]
  Syscall: False
  SP difference: 0
  Has return: False
  Returning: True
  Alignment: False
  Arguments: reg: [], stack: []
  Blocks: [0xd100]
  Calling convention: None
DEBUG    | 2023-04-22 12:40:28,581 | Yasat.checkers.rule_checker | Found function return value: Function EVP_md5 [53504]
  Syscall: False
  SP difference: 0
  Has return: False
  Returning: True
  Alignment: False
  Arguments: reg: [], stack: []
  Blocks: [0xd100]
  Calling convention: None
DEBUG    | 2023-04-22 12:40:44,729 | Yasat.checkers.rule_checker | Found function return value: Function EVP_md5 [53504]
  Syscall: False
  SP difference: 0
  Has return: False
  Returning: True
  Alignment: False
  Arguments: reg: [], stack: []
  Blocks: [0xd100]
  Calling convention: None
DEBUG    | 2023-04-22 12:40:44,730 | Yasat.checkers.rule_checker | Found function return value: Function EVP_sha1 [54488]
  Syscall: False
  SP difference: 0
  Has return: False
  Returning: True
  Alignment: False
  Arguments: reg: [], stack: []
  Blocks: [0xd4d8]
  Calling convention: None
DEBUG    | 2023-04-22 12:40:44,730 | Yasat.checkers.rule_checker | Found function return value: Function EVP_dss1 [54308]
  Syscall: False
  SP difference: 0
  Has return: False
  Returning: True
  Alignment: False
  Arguments: reg: [], stack: []
  Blocks: [0xd424]
  Calling convention: None
DEBUG    | 2023-04-22 12:40:44,731 | Yasat.checkers.rule_checker | Found function return value: Function EVP_sha1 [54488]
  Syscall: False
  SP difference: 0
  Has return: False
  Returning: True
  Alignment: False
  Arguments: reg: [], stack: []
  Blocks: [0xd4d8]
  Calling convention: None
DEBUG    | 2023-04-22 12:40:44,731 | Yasat.checkers.rule_checker | Found function return value: Function EVP_dss1 [54308]
  Syscall: False
  SP difference: 0
  Has return: False
  Returning: True
  Alignment: False
  Arguments: reg: [], stack: []
  Blocks: [0xd424]
  Calling convention: None
DEBUG    | 2023-04-22 12:40:44,732 | Yasat.checkers.rule_checker | Found function return value: Function EVP_sha1 [54488]
  Syscall: False
  SP difference: 0
  Has return: False
  Returning: True
  Alignment: False
  Arguments: reg: [], stack: []
  Blocks: [0xd4d8]
  Calling convention: None
DEBUG    | 2023-04-22 12:41:43,957 | Yasat.checkers.rule_checker | Found function return value: Function EVP_des_cbc [4246192]
  Syscall: False
  SP difference: 0
  Has return: False
  Returning: True
  Alignment: False
  Arguments: reg: [], stack: []
  Blocks: [0x40cab0]
  Calling convention: None
DEBUG    | 2023-04-22 12:41:43,958 | Yasat.checkers.rule_checker | Found function return value: Function EVP_des_cbc [4246192]
  Syscall: False
  SP difference: 0
  Has return: False
  Returning: True
  Alignment: False
  Arguments: reg: [], stack: []
  Blocks: [0x40cab0]
  Calling convention: None
DEBUG    | 2023-04-22 12:41:43,958 | Yasat.checkers.rule_checker | Found function return value: Function EVP_des_cbc [4246192]
  Syscall: False
  SP difference: 0
  Has return: False
  Returning: True
  Alignment: False
  Arguments: reg: [], stack: []
  Blocks: [0x40cab0]
  Calling convention: None
DEBUG    | 2023-04-22 12:41:52,935 | Yasat.checkers.rule_checker | Found function return value: Function EVP_sha1 [4265568]
  Syscall: False
  SP difference: 0
  Has return: False
  Returning: True
  Alignment: False
  Arguments: reg: [], stack: []
  Blocks: [0x411660]
  Calling convention: None
DEBUG    | 2023-04-22 12:42:17,004 | Yasat.checkers.rule_checker | Found function return value: None
DEBUG    | 2023-04-22 12:42:17,033 | Yasat.checkers.rule_checker | Found function return value: None
DEBUG    | 2023-04-22 12:43:13,246 | Yasat.checkers.rule_checker | Found function return value: Function EVP_md5 [4234556]
  Syscall: False
  SP difference: 0
  Has return: False
  Returning: True
  Alignment: False
  Arguments: reg: [], stack: []
  Blocks: [0x409d3c]
  Calling convention: None
DEBUG    | 2023-04-22 12:43:13,246 | Yasat.checkers.rule_checker | Found function return value: Function EVP_md5 [4234556]
  Syscall: False
  SP difference: 0
  Has return: False
  Returning: True
  Alignment: False
  Arguments: reg: [], stack: []
  Blocks: [0x409d3c]
  Calling convention: None
DEBUG    | 2023-04-22 12:43:35,820 | Yasat.checkers.rule_checker | Found function return value: Function EVP_dss1 [4233644]
  Syscall: False
  SP difference: 0
  Has return: False
  Returning: True
  Alignment: False
  Arguments: reg: [], stack: []
  Blocks: [0x4099ac]
  Calling convention: None
DEBUG    | 2023-04-22 12:43:50,558 | Yasat.checkers.rule_checker | Found function return value: Function EVP_MD_CTX_md [4232480]
  Syscall: False
  SP difference: 0
  Has return: False
  Returning: True
  Alignment: False
  Arguments: reg: [], stack: []
  Blocks: [0x409520]
  Calling convention: None
DEBUG    | 2023-04-22 12:44:04,507 | Yasat.checkers.rule_checker | Found function return value: Function EVP_sha1 [4258140]
  Syscall: False
  SP difference: 0
  Has return: False
  Returning: True
  Alignment: False
  Arguments: reg: [], stack: []
  Blocks: [0x40f95c]
  Calling convention: None
DEBUG    | 2023-04-22 12:44:04,507 | Yasat.checkers.rule_checker | Found function return value: Function EVP_md5 [4257588]
  Syscall: False
  SP difference: 0
  Has return: False
  Returning: True
  Alignment: False
  Arguments: reg: [], stack: []
  Blocks: [0x40f734]
  Calling convention: None
DEBUG    | 2023-04-22 12:44:10,361 | Yasat.checkers.rule_checker | Found function return value: Function EVP_sha1 [4258140]
  Syscall: False
  SP difference: 0
  Has return: False
  Returning: True
  Alignment: False
  Arguments: reg: [], stack: []
  Blocks: [0x40f95c]
  Calling convention: None
DEBUG    | 2023-04-22 12:44:10,362 | Yasat.checkers.rule_checker | Found function return value: Function EVP_md5 [4257588]
  Syscall: False
  SP difference: 0
  Has return: False
  Returning: True
  Alignment: False
  Arguments: reg: [], stack: []
  Blocks: [0x40f734]
  Calling convention: None
DEBUG    | 2023-04-22 12:44:10,362 | Yasat.checkers.rule_checker | Found function return value: Function EVP_md5 [4257588]
  Syscall: False
  SP difference: 0
  Has return: False
  Returning: True
  Alignment: False
  Arguments: reg: [], stack: []
  Blocks: [0x40f734]
  Calling convention: None
DEBUG    | 2023-04-22 12:44:10,363 | Yasat.checkers.rule_checker | Found function return value: Function EVP_sha1 [4258140]
  Syscall: False
  SP difference: 0
  Has return: False
  Returning: True
  Alignment: False
  Arguments: reg: [], stack: []
  Blocks: [0x40f95c]
  Calling convention: None
DEBUG    | 2023-04-22 12:44:15,878 | Yasat.checkers.rule_checker | Found function return value: Function EVP_sha256 [35060]
  Syscall: False
  SP difference: 0
  Has return: False
  Returning: True
  Alignment: False
  Arguments: reg: [], stack: []
  Blocks: [0x88f4]
  Calling convention: None
DEBUG    | 2023-04-22 12:44:16,341 | Yasat.checkers.rule_checker | Found function return value: Function EVP_aes_128_cbc [4262288]
  Syscall: False
  SP difference: 0
  Has return: False
  Returning: True
  Alignment: False
  Arguments: reg: [], stack: []
  Blocks: [0x410990]
  Calling convention: None
DEBUG    | 2023-04-22 12:44:16,444 | Yasat.checkers.rule_checker | Found function return value: Function EVP_aes_128_cbc [4262288]
  Syscall: False
  SP difference: 0
  Has return: False
  Returning: True
  Alignment: False
  Arguments: reg: [], stack: []
  Blocks: [0x410990]
  Calling convention: None
DEBUG    | 2023-04-22 12:44:21,340 | Yasat.checkers.rule_checker | Found function return value: Function EVP_sha256 [35060]
  Syscall: False
  SP difference: 0
  Has return: False
  Returning: True
  Alignment: False
  Arguments: reg: [], stack: []
  Blocks: [0x88f4]
  Calling convention: None
DEBUG    | 2023-04-22 12:44:27,221 | Yasat.checkers.rule_checker | Found function return value: Function EVP_dss1 [4233644]
  Syscall: False
  SP difference: 0
  Has return: False
  Returning: True
  Alignment: False
  Arguments: reg: [], stack: []
  Blocks: [0x4099ac]
  Calling convention: None
DEBUG    | 2023-04-22 12:44:42,083 | Yasat.checkers.rule_checker | Found function return value: Function EVP_sha1 [4234772]
  Syscall: False
  SP difference: 0
  Has return: False
  Returning: True
  Alignment: False
  Arguments: reg: [], stack: []
  Blocks: [0x409e14]
  Calling convention: None
DEBUG    | 2023-04-22 12:44:42,083 | Yasat.checkers.rule_checker | Found function return value: Function EVP_md5 [4234556]
  Syscall: False
  SP difference: 0
  Has return: False
  Returning: True
  Alignment: False
  Arguments: reg: [], stack: []
  Blocks: [0x409d3c]
  Calling convention: None
DEBUG    | 2023-04-22 12:44:48,612 | Yasat.checkers.rule_checker | Found function return value: Function EVP_sha1 [4215080]
  Syscall: False
  SP difference: 0
  Has return: False
  Returning: True
  Alignment: False
  Arguments: reg: [], stack: []
  Blocks: [0x405128]
  Calling convention: None
DEBUG    | 2023-04-22 12:45:30,778 | Yasat.checkers.rule_checker | Found function return value: Function EVP_get_digestbyname [4260948]
  Syscall: False
  SP difference: 0
  Has return: False
  Returning: True
  Alignment: False
  Arguments: reg: [], stack: []
  Blocks: [0x410454]
  Calling convention: None
DEBUG    | 2023-04-22 12:45:34,474 | Yasat.checkers.rule_checker | Found function return value: Function sc_get_openssl_hashfn [4284840]
  Syscall: False
  SP difference: 0
  Has return: False
  Returning: True
  Alignment: False
  Arguments: reg: [], stack: []
  Blocks: [0x4161a8]
  Calling convention: None
DEBUG    | 2023-04-22 12:45:38,091 | Yasat.checkers.rule_checker | Found function return value: Function sc_get_openssl_hashfn [4284840]
  Syscall: False
  SP difference: 0
  Has return: False
  Returning: True
  Alignment: False
  Arguments: reg: [], stack: []
  Blocks: [0x4161a8]
  Calling convention: None
DEBUG    | 2023-04-22 12:45:43,314 | Yasat.checkers.rule_checker | Found function return value: Function EVP_sha1 [4258028]
  Syscall: False
  SP difference: 0
  Has return: False
  Returning: True
  Alignment: False
  Arguments: reg: [], stack: []
  Blocks: [0x40f8ec]
  Calling convention: None
DEBUG    | 2023-04-22 12:45:43,314 | Yasat.checkers.rule_checker | Found function return value: Function EVP_md5 [4257128]
  Syscall: False
  SP difference: 0
  Has return: False
  Returning: True
  Alignment: False
  Arguments: reg: [], stack: []
  Blocks: [0x40f568]
  Calling convention: None
DEBUG    | 2023-04-22 12:45:43,475 | Yasat.checkers.rule_checker | Found function return value: Function EVP_md5 [4257128]
  Syscall: False
  SP difference: 0
  Has return: False
  Returning: True
  Alignment: False
  Arguments: reg: [], stack: []
  Blocks: [0x40f568]
  Calling convention: None
DEBUG    | 2023-04-22 12:45:43,476 | Yasat.checkers.rule_checker | Found function return value: Function EVP_md5 [4257128]
  Syscall: False
  SP difference: 0
  Has return: False
  Returning: True
  Alignment: False
  Arguments: reg: [], stack: []
  Blocks: [0x40f568]
  Calling convention: None
DEBUG    | 2023-04-22 12:46:12,961 | Yasat.checkers.rule_checker | Found function return value: Function EVP_sha1 [124256]
  Syscall: False
  SP difference: 0
  Has return: False
  Returning: True
  Alignment: False
  Arguments: reg: [], stack: []
  Blocks: [0x1e560]
  Calling convention: None
DEBUG    | 2023-04-22 12:47:02,156 | Yasat.checkers.rule_checker | Found function return value: None
DEBUG    | 2023-04-22 12:54:09,445 | Yasat.checkers.rule_checker | Found function return value: Function EVP_sha1 [4264992]
  Syscall: False
  SP difference: 0
  Has return: False
  Returning: True
  Alignment: False
  Arguments: reg: [], stack: []
  Blocks: [0x411420]
  Calling convention: None
DEBUG    | 2023-04-22 12:54:15,210 | Yasat.checkers.rule_checker | Found function return value: Function EVP_sha1 [4250416]
  Syscall: False
  SP difference: 0
  Has return: False
  Returning: True
  Alignment: False
  Arguments: reg: [], stack: []
  Blocks: [0x40db30]
  Calling convention: None
DEBUG    | 2023-04-22 12:54:15,210 | Yasat.checkers.rule_checker | Found function return value: Function EVP_md5 [4249876]
  Syscall: False
  SP difference: 0
  Has return: False
  Returning: True
  Alignment: False
  Arguments: reg: [], stack: []
  Blocks: [0x40d914]
  Calling convention: None
DEBUG    | 2023-04-22 12:54:17,821 | Yasat.checkers.rule_checker | Found function return value: Function EVP_get_cipherbyname [4198872]
  Syscall: False
  SP difference: 0
  Has return: False
  Returning: True
  Alignment: False
  Arguments: reg: [], stack: []
  Blocks: [0x4011d8]
  Calling convention: None
DEBUG    | 2023-04-22 12:54:17,863 | Yasat.checkers.rule_checker | Found function return value: Function EVP_get_cipherbyname [4198872]
  Syscall: False
  SP difference: 0
  Has return: False
  Returning: True
  Alignment: False
  Arguments: reg: [], stack: []
  Blocks: [0x4011d8]
  Calling convention: None
DEBUG    | 2023-04-22 12:54:20,377 | Yasat.checkers.rule_checker | Found function return value: Function EVP_get_digestbyname [4199148]
  Syscall: False
  SP difference: 0
  Has return: False
  Returning: True
  Alignment: False
  Arguments: reg: [], stack: []
  Blocks: [0x4012ec]
  Calling convention: None
DEBUG    | 2023-04-22 12:54:20,818 | Yasat.checkers.rule_checker | Found function return value: Function EVP_md5 [4249876]
  Syscall: False
  SP difference: 0
  Has return: False
  Returning: True
  Alignment: False
  Arguments: reg: [], stack: []
  Blocks: [0x40d914]
  Calling convention: None
DEBUG    | 2023-04-22 12:54:20,819 | Yasat.checkers.rule_checker | Found function return value: Function EVP_sha1 [4250416]
  Syscall: False
  SP difference: 0
  Has return: False
  Returning: True
  Alignment: False
  Arguments: reg: [], stack: []
  Blocks: [0x40db30]
  Calling convention: None
DEBUG    | 2023-04-22 12:54:20,819 | Yasat.checkers.rule_checker | Found function return value: Function EVP_md5 [4249876]
  Syscall: False
  SP difference: 0
  Has return: False
  Returning: True
  Alignment: False
  Arguments: reg: [], stack: []
  Blocks: [0x40d914]
  Calling convention: None
DEBUG    | 2023-04-22 12:54:20,819 | Yasat.checkers.rule_checker | Found function return value: Function EVP_sha1 [4250416]
  Syscall: False
  SP difference: 0
  Has return: False
  Returning: True
  Alignment: False
  Arguments: reg: [], stack: []
  Blocks: [0x40db30]
  Calling convention: None
DEBUG    | 2023-04-22 12:55:27,007 | Yasat.checkers.rule_checker | Found function return value: Function EVP_sha1 [4238868]
  Syscall: False
  SP difference: 0
  Has return: False
  Returning: True
  Alignment: False
  Arguments: reg: [], stack: []
  Blocks: [0x40ae14]
  Calling convention: None
DEBUG    | 2023-04-22 12:55:27,007 | Yasat.checkers.rule_checker | Found function return value: Function EVP_md5 [4238628]
  Syscall: False
  SP difference: 0
  Has return: False
  Returning: True
  Alignment: False
  Arguments: reg: [], stack: []
  Blocks: [0x40ad24]
  Calling convention: None
DEBUG    | 2023-04-22 12:55:31,892 | Yasat.checkers.rule_checker | Found function return value: Function EVP_md5 [4238628]
  Syscall: False
  SP difference: 0
  Has return: False
  Returning: True
  Alignment: False
  Arguments: reg: [], stack: []
  Blocks: [0x40ad24]
  Calling convention: None
DEBUG    | 2023-04-22 12:55:58,678 | Yasat.checkers.rule_checker | Found function return value: Function EVP_dss1 [4237680]
  Syscall: False
  SP difference: 0
  Has return: False
  Returning: True
  Alignment: False
  Arguments: reg: [], stack: []
  Blocks: [0x40a970]
  Calling convention: None
DEBUG    | 2023-04-22 12:56:04,066 | Yasat.checkers.rule_checker | Found function return value: Function EVP_md5 [4238628]
  Syscall: False
  SP difference: 0
  Has return: False
  Returning: True
  Alignment: False
  Arguments: reg: [], stack: []
  Blocks: [0x40ad24]
  Calling convention: None
DEBUG    | 2023-04-22 12:56:04,066 | Yasat.checkers.rule_checker | Found function return value: Function EVP_md5 [4238628]
  Syscall: False
  SP difference: 0
  Has return: False
  Returning: True
  Alignment: False
  Arguments: reg: [], stack: []
  Blocks: [0x40ad24]
  Calling convention: None
DEBUG    | 2023-04-22 12:56:06,071 | Yasat.checkers.rule_checker | Found function return value: Function EVP_MD_CTX_md [4236384]
  Syscall: False
  SP difference: 0
  Has return: False
  Returning: True
  Alignment: False
  Arguments: reg: [], stack: []
  Blocks: [0x40a460]
  Calling convention: None
DEBUG    | 2023-04-22 12:56:23,636 | Yasat.checkers.rule_checker | Found function return value: Function EVP_dss1 [4237680]
  Syscall: False
  SP difference: 0
  Has return: False
  Returning: True
  Alignment: False
  Arguments: reg: [], stack: []
  Blocks: [0x40a970]
  Calling convention: None
DEBUG    | 2023-04-22 12:56:28,764 | Yasat.checkers.rule_checker | Found function return value: Function EVP_md5 [4246320]
  Syscall: False
  SP difference: 0
  Has return: False
  Returning: True
  Alignment: False
  Arguments: reg: [], stack: []
  Blocks: [0x40cb30]
  Calling convention: None
DEBUG    | 2023-04-22 12:56:28,765 | Yasat.checkers.rule_checker | Found function return value: Function EVP_sha1 [4246776]
  Syscall: False
  SP difference: 0
  Has return: False
  Returning: True
  Alignment: False
  Arguments: reg: [], stack: []
  Blocks: [0x40ccf8]
  Calling convention: None
DEBUG    | 2023-04-22 12:56:32,451 | Yasat.checkers.rule_checker | Found function return value: Function EVP_md5 [4246320]
  Syscall: False
  SP difference: 0
  Has return: False
  Returning: True
  Alignment: False
  Arguments: reg: [], stack: []
  Blocks: [0x40cb30]
  Calling convention: None
DEBUG    | 2023-04-22 12:56:32,451 | Yasat.checkers.rule_checker | Found function return value: Function EVP_sha1 [4246776]
  Syscall: False
  SP difference: 0
  Has return: False
  Returning: True
  Alignment: False
  Arguments: reg: [], stack: []
  Blocks: [0x40ccf8]
  Calling convention: None
DEBUG    | 2023-04-22 12:56:32,451 | Yasat.checkers.rule_checker | Found function return value: Function EVP_md5 [4246320]
  Syscall: False
  SP difference: 0
  Has return: False
  Returning: True
  Alignment: False
  Arguments: reg: [], stack: []
  Blocks: [0x40cb30]
  Calling convention: None
DEBUG    | 2023-04-22 12:56:32,452 | Yasat.checkers.rule_checker | Found function return value: Function EVP_sha1 [4246776]
  Syscall: False
  SP difference: 0
  Has return: False
  Returning: True
  Alignment: False
  Arguments: reg: [], stack: []
  Blocks: [0x40ccf8]
  Calling convention: None
